

<!DOCTYPE html>
<html>
<head>
<meta charset="UTF-8">
<meta name="viewport" content="width=device-width, initial-scale=1, shrink-to-fit=no">
<title>V12Staging</title>
<link rel="apple-touch-icon" href="https://cdn.jsdelivr.net/gh/extent-framework/extent-github-cdn@b00a2d0486596e73dd7326beacf352c639623a0e/commons/img/logo.png">
<link rel="shortcut icon" href="https://cdn.jsdelivr.net/gh/extent-framework/extent-github-cdn@b00a2d0486596e73dd7326beacf352c639623a0e/commons/img/logo.png">
<link href="https://cdn.jsdelivr.net/gh/extent-framework/extent-github-cdn@d6562a79075e061305ccfdb82f01e5e195e2d307/spark/css/spark-style.css" rel="stylesheet" />
<link href="https://stackpath.bootstrapcdn.com/font-awesome/4.7.0/css/font-awesome.min.css" rel="stylesheet">
<script src="https://cdn.jsdelivr.net/gh/extent-framework/extent-github-cdn@7cc78ce/spark/js/jsontree.js"></script>
<style type="text/css"></style></head><body class="spa -report standard">
  <div class="app">
    <div class="layout">
<div class="header navbar">
<div class="vheader">
<div class="nav-logo">
<a href="#">
<div class="logo" style="background-image: url('https://cdn.jsdelivr.net/gh/extent-framework/extent-github-cdn@b00a2d0486596e73dd7326beacf352c639623a0e/commons/img/logo.png')"></div>
</a>
</div>
<ul class="nav-left">
<li class="search-box">
<a class="search-toggle" href="#">
<i class="search-icon fa fa-search"></i>
<i class="search-icon-close fa fa-close"></i>
</a>
</li>
<li class="search-input"><input id="search-tests" class="form-control" type="text" placeholder="Search..."></li>
</ul>
<ul class="nav-right">
<li class="m-r-10">
<a href="#"><span class="badge badge-primary">Extent Report</span></a>
</li>
<li class="m-r-10">
<a href="#"><span class="badge badge-primary">Sep 27, 2024 04:51:59 pm</span></a>
</li>
</ul>
</div>
</div><div class="side-nav">
<div class="side-nav-inner">
<ul class="side-nav-menu">
<li class="nav-item dropdown" onclick="toggleView('test-view')">
<a id="nav-test" class="dropdown-toggle" href="#">
<span class="ico"><i class="fa fa-list"></i></span>
</a>
</li>
<li class="nav-item dropdown" onclick="toggleView('exception-view')">
<a id="nav-exception" class="dropdown-toggle" href="#">
<span class="ico"><i class="fa fa-bug"></i></span>
</a>
</li>
<li class="nav-item dropdown" onclick="toggleView('dashboard-view')">
<a id="nav-dashboard" class="dropdown-toggle" href="#">
<span class="ico"><i class="fa fa-bar-chart"></i></span>
</a>
</li>
</ul>
</div>
</div>      <div class="vcontainer">
        <div class="main-content">
<div class="test-wrapper row view test-view">
  <div class="test-list">
    <div class="test-list-tools">
<ul class="tools pull-left">
<li><a href="#"><span class="font-size-14">Tests</span></a></li>
</ul>
<ul class="tools text-right">
<li class="dropdown">
<a href="#" class="dropdown-toggle" data-toggle="dropdown"><i class="fa fa-exclamation-circle"></i></a>
<ul id="status-toggle" class="dropdown-menu dropdown-md p-v-0">
<a class="dropdown-item" status="fail" href="#"><span>Fail</span><span class="status danger"></span></a>
<div class="dropdown-divider"></div>
<a status="clear" class="dropdown-item" href="#"><span>Clear</span><span class="pull-right"><i class="fa fa-close"></i></span></a>
</ul>
</li>
</ul>
</div>    <div class="test-list-wrapper scrollable">
      <ul class="test-list-item">
        <li class="test-item"  status="fail" test-id="1"
          author=""
          tag=""
          device="">
          <div class="test-detail">
            <p class="name">TC Import Pnr 1 - Positive - Verify the Import Pnr with Selected GDS</p>
            <p class="text-sm">
              <span>4:52:02 pm</span> / <span>00:01:09:591</span>
              <span class="badge fail-bg log float-right">Fail</span>
            </p>
          </div>
          <div class="test-contents d-none">
<div class="detail-head">
<div class="p-v-10">
<div class="info">
<h5 class="test-status text-fail">TC Import Pnr 1 - Positive - Verify the Import Pnr with Selected GDS</h5>
<span class='badge badge-success'>09.27.2024 4:52:02 pm</span>
<span class='badge badge-danger'>09.27.2024 4:53:11 pm</span>
<span class='badge badge-default'>00:01:09:591</span>
&middot; <span class='uri-anchor badge badge-default'>#test-id=1</span>
<span class='badge badge-default pointer float-right ml-1 et'><i class="fa fa-chevron-down"></i></span>
<span class='badge badge-default pointer float-right ct'><i class="fa fa-chevron-up"></i></span>
</div>
</div>
</div><div class="detail-body mt-4">
<table class="table table-sm">
  <thead><tr><th class="status-col">Status</th><th class="timestamp-col">Timestamp</th><th class="details-col">Details</th></tr></thead>
  <tbody>
      <tr class="event-row">
        <td><span class="badge log info-bg">Info</span></td>
        <td>4:52:02 pm</td>
        <td>
          
    <div class="row mb-3"><div class="col-md-3">
<img data-featherlight='C:\Users\Kumar.gaurav\git\V12StagingB2C\Screenshot\27-09-24 & 16-52-02 Sigh In Page.jpg' src="C:\Users\Kumar.gaurav\git\V12StagingB2C\Screenshot\27-09-24 & 16-52-02 Sigh In Page.jpg">
    <div class="title">Sigh In Page</div>
    </div></div>
        </td>
      </tr>
      <tr class="event-row">
        <td><span class="badge log info-bg">Info</span></td>
        <td>4:52:21 pm</td>
        <td>
          
    <div class="row mb-3"><div class="col-md-3">
<img data-featherlight='C:\Users\Kumar.gaurav\git\V12StagingB2C\Screenshot\27-09-24 & 16-52-21 Import Pnr for Direct Customer.jpg' src="C:\Users\Kumar.gaurav\git\V12StagingB2C\Screenshot\27-09-24 & 16-52-21 Import Pnr for Direct Customer.jpg">
    <div class="title">Import Pnr for Direct Customer</div>
    </div></div>
        </td>
      </tr>
      <tr class="event-row">
        <td><span class="badge log info-bg">Info</span></td>
        <td>4:52:30 pm</td>
        <td>
          
    <div class="row mb-3"><div class="col-md-3">
<img data-featherlight='C:\Users\Kumar.gaurav\git\V12StagingB2C\Screenshot\27-09-24 & 16-52-30 Pnr Number Already Exist.jpg' src="C:\Users\Kumar.gaurav\git\V12StagingB2C\Screenshot\27-09-24 & 16-52-30 Pnr Number Already Exist.jpg">
    <div class="title">Pnr Number Already Exist</div>
    </div></div>
        </td>
      </tr>
      <tr class="event-row">
        <td><span class="badge log info-bg">Info</span></td>
        <td>4:52:49 pm</td>
        <td>
          
    <div class="row mb-3"><div class="col-md-3">
<img data-featherlight='C:\Users\Kumar.gaurav\git\V12StagingB2C\Screenshot\27-09-24 & 16-52-49 Passenger Details.jpg' src="C:\Users\Kumar.gaurav\git\V12StagingB2C\Screenshot\27-09-24 & 16-52-49 Passenger Details.jpg">
    <div class="title">Passenger Details</div>
    </div></div>
        </td>
      </tr>
      <tr class="event-row">
        <td><span class="badge log info-bg">Info</span></td>
        <td>4:52:59 pm</td>
        <td>
          
    <div class="row mb-3"><div class="col-md-3">
<img data-featherlight='C:\Users\Kumar.gaurav\git\V12StagingB2C\Screenshot\27-09-24 & 16-52-59 Itenary Pricing.jpg' src="C:\Users\Kumar.gaurav\git\V12StagingB2C\Screenshot\27-09-24 & 16-52-59 Itenary Pricing.jpg">
    <div class="title">Itenary Pricing</div>
    </div></div>
        </td>
      </tr>
      <tr class="event-row">
        <td><span class="badge log fail-bg">Fail</span></td>
        <td>4:53:11 pm</td>
        <td>
          <textarea readonly class="code-block">org.openqa.selenium.NoSuchElementException: no such element: Unable to locate element: {"method":"xpath","selector":"//input[@id='ctl00_contentMain_txt_pax_phoneAdt']"}
  (Session info: chrome=129.0.6668.71)
For documentation on this error, please visit: https://selenium.dev/exceptions/#no_such_element
Build info: version: '4.1.4', revision: '535d840ee2'
System info: host: 'KUMAR-GAURAV', ip: '192.168.111.98', os.name: 'Windows 10', os.arch: 'amd64', os.version: '10.0', java.version: '17.0.1'
Driver info: org.openqa.selenium.chrome.ChromeDriver
Command: [1e1b4f8cb89a19d0c0faf20dc7681c2e, findElement {using=xpath, value=//input[@id='ctl00_contentMain_txt_pax_phoneAdt']}]
Capabilities {acceptInsecureCerts: false, browserName: chrome, browserVersion: 129.0.6668.71, chrome: {chromedriverVersion: 129.0.6668.70 (df87d5cf12b1..., userDataDir: C:\Users\KUMAR~1.GAU\AppDat...}, fedcm:accounts: true, goog:chromeOptions: {debuggerAddress: localhost:51823}, javascriptEnabled: true, networkConnectionEnabled: false, pageLoadStrategy: normal, platform: WINDOWS, platformName: WINDOWS, proxy: Proxy(), se:cdp: ws://localhost:51823/devtoo..., se:cdpVersion: 129.0.6668.71, setWindowRect: true, strictFileInteractability: false, timeouts: {implicit: 0, pageLoad: 300000, script: 30000}, unhandledPromptBehavior: dismiss and notify, webauthn:extension:credBlob: true, webauthn:extension:largeBlob: true, webauthn:extension:minPinLength: true, webauthn:extension:prf: true, webauthn:virtualAuthenticators: true}
Session ID: 1e1b4f8cb89a19d0c0faf20dc7681c2e
	at java.base/jdk.internal.reflect.NativeConstructorAccessorImpl.newInstance0(Native Method)
	at java.base/jdk.internal.reflect.NativeConstructorAccessorImpl.newInstance(NativeConstructorAccessorImpl.java:77)
	at java.base/jdk.internal.reflect.DelegatingConstructorAccessorImpl.newInstance(DelegatingConstructorAccessorImpl.java:45)
	at java.base/java.lang.reflect.Constructor.newInstanceWithCaller(Constructor.java:499)
	at java.base/java.lang.reflect.Constructor.newInstance(Constructor.java:480)
	at org.openqa.selenium.remote.codec.w3c.W3CHttpResponseCodec.createException(W3CHttpResponseCodec.java:200)
	at org.openqa.selenium.remote.codec.w3c.W3CHttpResponseCodec.decode(W3CHttpResponseCodec.java:133)
	at org.openqa.selenium.remote.codec.w3c.W3CHttpResponseCodec.decode(W3CHttpResponseCodec.java:53)
	at org.openqa.selenium.remote.HttpCommandExecutor.execute(HttpCommandExecutor.java:184)
	at org.openqa.selenium.remote.service.DriverCommandExecutor.invokeExecute(DriverCommandExecutor.java:167)
	at org.openqa.selenium.remote.service.DriverCommandExecutor.execute(DriverCommandExecutor.java:142)
	at org.openqa.selenium.remote.RemoteWebDriver.execute(RemoteWebDriver.java:567)
	at org.openqa.selenium.remote.ElementLocation$ElementFinder$2.findElement(ElementLocation.java:162)
	at org.openqa.selenium.remote.ElementLocation.findElement(ElementLocation.java:60)
	at org.openqa.selenium.remote.RemoteWebDriver.findElement(RemoteWebDriver.java:385)
	at org.openqa.selenium.remote.RemoteWebDriver.findElement(RemoteWebDriver.java:377)
	at utilities.QaRobot.getLocator(QaRobot.java:56)
	at utilities.QaRobot.getWebElement(QaRobot.java:91)
	at utilities.QaRobot.PassValue(QaRobot.java:125)
	at BookingManagement_ProductSearch.ImportPnr.importPnr(ImportPnr.java:91)
	at java.base/jdk.internal.reflect.NativeMethodAccessorImpl.invoke0(Native Method)
	at java.base/jdk.internal.reflect.NativeMethodAccessorImpl.invoke(NativeMethodAccessorImpl.java:77)
	at java.base/jdk.internal.reflect.DelegatingMethodAccessorImpl.invoke(DelegatingMethodAccessorImpl.java:43)
	at java.base/java.lang.reflect.Method.invoke(Method.java:568)
	at org.testng.internal.MethodInvocationHelper.invokeMethod(MethodInvocationHelper.java:133)
	at org.testng.internal.TestInvoker.invokeMethod(TestInvoker.java:598)
	at org.testng.internal.TestInvoker.invokeTestMethod(TestInvoker.java:173)
	at org.testng.internal.MethodRunner.runInSequence(MethodRunner.java:46)
	at org.testng.internal.TestInvoker$MethodInvocationAgent.invoke(TestInvoker.java:824)
	at org.testng.internal.TestInvoker.invokeTestMethods(TestInvoker.java:146)
	at org.testng.internal.TestMethodWorker.invokeTestMethods(TestMethodWorker.java:146)
	at org.testng.internal.TestMethodWorker.run(TestMethodWorker.java:128)
	at java.base/java.util.ArrayList.forEach(ArrayList.java:1511)
	at org.testng.TestRunner.privateRun(TestRunner.java:794)
	at org.testng.TestRunner.run(TestRunner.java:596)
	at org.testng.SuiteRunner.runTest(SuiteRunner.java:377)
	at org.testng.SuiteRunner.runSequentially(SuiteRunner.java:371)
	at org.testng.SuiteRunner.privateRun(SuiteRunner.java:332)
	at org.testng.SuiteRunner.run(SuiteRunner.java:276)
	at org.testng.SuiteRunnerWorker.runSuite(SuiteRunnerWorker.java:53)
	at org.testng.SuiteRunnerWorker.run(SuiteRunnerWorker.java:96)
	at org.testng.TestNG.runSuitesSequentially(TestNG.java:1212)
	at org.testng.TestNG.runSuitesLocally(TestNG.java:1134)
	at org.testng.TestNG.runSuites(TestNG.java:1063)
	at org.testng.TestNG.run(TestNG.java:1031)
	at org.testng.remote.AbstractRemoteTestNG.run(AbstractRemoteTestNG.java:115)
	at org.testng.remote.RemoteTestNG.initAndRun(RemoteTestNG.java:251)
	at org.testng.remote.RemoteTestNG.main(RemoteTestNG.java:77)
</textarea>
          
        </td>
      </tr>
      <tr class="event-row">
        <td><span class="badge log fail-bg">Fail</span></td>
        <td>4:53:11 pm</td>
        <td>
          <b><i>Screenshot for Fail Test</i></b>
        </td>
      </tr>
      <tr class="event-row">
        <td><span class="badge log fail-bg">Fail</span></td>
        <td>4:53:11 pm</td>
        <td>
          <b><i>Fail Test</i></b>
        </td>
      </tr>
      <tr class="event-row">
        <td><span class="badge log fail-bg">Fail</span></td>
        <td>4:53:11 pm</td>
        <td>
          
    <div class="row mb-3"><div class="col-md-3">
<img data-featherlight='C:\Users\Kumar.gaurav\git\V12StagingB2C\Screenshot\27-09-24 & 16-53-11 Fail Test.jpg' src="C:\Users\Kumar.gaurav\git\V12StagingB2C\Screenshot\27-09-24 & 16-53-11 Fail Test.jpg">
    
    </div></div>
        </td>
      </tr>
  </tbody>
</table>
</div>
          </div>
        </li>
        <li class="test-item"  status="fail" test-id="2"
          author=""
          tag=""
          device="">
          <div class="test-detail">
            <p class="name">TC Import Pnr 2 - Positive - Verify the Import Pnr with Existing PNR</p>
            <p class="text-sm">
              <span>4:53:13 pm</span> / <span>00:01:09:133</span>
              <span class="badge fail-bg log float-right">Fail</span>
            </p>
          </div>
          <div class="test-contents d-none">
<div class="detail-head">
<div class="p-v-10">
<div class="info">
<h5 class="test-status text-fail">TC Import Pnr 2 - Positive - Verify the Import Pnr with Existing PNR</h5>
<span class='badge badge-success'>09.27.2024 4:53:13 pm</span>
<span class='badge badge-danger'>09.27.2024 4:54:22 pm</span>
<span class='badge badge-default'>00:01:09:133</span>
&middot; <span class='uri-anchor badge badge-default'>#test-id=2</span>
<span class='badge badge-default pointer float-right ml-1 et'><i class="fa fa-chevron-down"></i></span>
<span class='badge badge-default pointer float-right ct'><i class="fa fa-chevron-up"></i></span>
</div>
</div>
</div><div class="detail-body mt-4">
<table class="table table-sm">
  <thead><tr><th class="status-col">Status</th><th class="timestamp-col">Timestamp</th><th class="details-col">Details</th></tr></thead>
  <tbody>
      <tr class="event-row">
        <td><span class="badge log info-bg">Info</span></td>
        <td>4:53:14 pm</td>
        <td>
          
    <div class="row mb-3"><div class="col-md-3">
<img data-featherlight='C:\Users\Kumar.gaurav\git\V12StagingB2C\Screenshot\27-09-24 & 16-53-13 Sigh In Page.jpg' src="C:\Users\Kumar.gaurav\git\V12StagingB2C\Screenshot\27-09-24 & 16-53-13 Sigh In Page.jpg">
    <div class="title">Sigh In Page</div>
    </div></div>
        </td>
      </tr>
      <tr class="event-row">
        <td><span class="badge log info-bg">Info</span></td>
        <td>4:53:33 pm</td>
        <td>
          
    <div class="row mb-3"><div class="col-md-3">
<img data-featherlight='C:\Users\Kumar.gaurav\git\V12StagingB2C\Screenshot\27-09-24 & 16-53-33 Import Pnr for Direct Customer.jpg' src="C:\Users\Kumar.gaurav\git\V12StagingB2C\Screenshot\27-09-24 & 16-53-33 Import Pnr for Direct Customer.jpg">
    <div class="title">Import Pnr for Direct Customer</div>
    </div></div>
        </td>
      </tr>
      <tr class="event-row">
        <td><span class="badge log info-bg">Info</span></td>
        <td>4:53:41 pm</td>
        <td>
          
    <div class="row mb-3"><div class="col-md-3">
<img data-featherlight='C:\Users\Kumar.gaurav\git\V12StagingB2C\Screenshot\27-09-24 & 16-53-41 Pnr Number Already Exist.jpg' src="C:\Users\Kumar.gaurav\git\V12StagingB2C\Screenshot\27-09-24 & 16-53-41 Pnr Number Already Exist.jpg">
    <div class="title">Pnr Number Already Exist</div>
    </div></div>
        </td>
      </tr>
      <tr class="event-row">
        <td><span class="badge log info-bg">Info</span></td>
        <td>4:54:00 pm</td>
        <td>
          
    <div class="row mb-3"><div class="col-md-3">
<img data-featherlight='C:\Users\Kumar.gaurav\git\V12StagingB2C\Screenshot\27-09-24 & 16-54-00 Passenger Details.jpg' src="C:\Users\Kumar.gaurav\git\V12StagingB2C\Screenshot\27-09-24 & 16-54-00 Passenger Details.jpg">
    <div class="title">Passenger Details</div>
    </div></div>
        </td>
      </tr>
      <tr class="event-row">
        <td><span class="badge log info-bg">Info</span></td>
        <td>4:54:10 pm</td>
        <td>
          
    <div class="row mb-3"><div class="col-md-3">
<img data-featherlight='C:\Users\Kumar.gaurav\git\V12StagingB2C\Screenshot\27-09-24 & 16-54-10 Itenary Pricing.jpg' src="C:\Users\Kumar.gaurav\git\V12StagingB2C\Screenshot\27-09-24 & 16-54-10 Itenary Pricing.jpg">
    <div class="title">Itenary Pricing</div>
    </div></div>
        </td>
      </tr>
      <tr class="event-row">
        <td><span class="badge log fail-bg">Fail</span></td>
        <td>4:54:22 pm</td>
        <td>
          <textarea readonly class="code-block">org.openqa.selenium.NoSuchElementException: no such element: Unable to locate element: {"method":"xpath","selector":"//input[@id='ctl00_contentMain_txt_pax_phoneAdt']"}
  (Session info: chrome=129.0.6668.71)
For documentation on this error, please visit: https://selenium.dev/exceptions/#no_such_element
Build info: version: '4.1.4', revision: '535d840ee2'
System info: host: 'KUMAR-GAURAV', ip: '192.168.111.98', os.name: 'Windows 10', os.arch: 'amd64', os.version: '10.0', java.version: '17.0.1'
Driver info: org.openqa.selenium.chrome.ChromeDriver
Command: [3afa5d9fcbe17cdd825c38edfd1181b7, findElement {using=xpath, value=//input[@id='ctl00_contentMain_txt_pax_phoneAdt']}]
Capabilities {acceptInsecureCerts: false, browserName: chrome, browserVersion: 129.0.6668.71, chrome: {chromedriverVersion: 129.0.6668.70 (df87d5cf12b1..., userDataDir: C:\Users\KUMAR~1.GAU\AppDat...}, fedcm:accounts: true, goog:chromeOptions: {debuggerAddress: localhost:51926}, javascriptEnabled: true, networkConnectionEnabled: false, pageLoadStrategy: normal, platform: WINDOWS, platformName: WINDOWS, proxy: Proxy(), se:cdp: ws://localhost:51926/devtoo..., se:cdpVersion: 129.0.6668.71, setWindowRect: true, strictFileInteractability: false, timeouts: {implicit: 0, pageLoad: 300000, script: 30000}, unhandledPromptBehavior: dismiss and notify, webauthn:extension:credBlob: true, webauthn:extension:largeBlob: true, webauthn:extension:minPinLength: true, webauthn:extension:prf: true, webauthn:virtualAuthenticators: true}
Session ID: 3afa5d9fcbe17cdd825c38edfd1181b7
	at java.base/jdk.internal.reflect.NativeConstructorAccessorImpl.newInstance0(Native Method)
	at java.base/jdk.internal.reflect.NativeConstructorAccessorImpl.newInstance(NativeConstructorAccessorImpl.java:77)
	at java.base/jdk.internal.reflect.DelegatingConstructorAccessorImpl.newInstance(DelegatingConstructorAccessorImpl.java:45)
	at java.base/java.lang.reflect.Constructor.newInstanceWithCaller(Constructor.java:499)
	at java.base/java.lang.reflect.Constructor.newInstance(Constructor.java:480)
	at org.openqa.selenium.remote.codec.w3c.W3CHttpResponseCodec.createException(W3CHttpResponseCodec.java:200)
	at org.openqa.selenium.remote.codec.w3c.W3CHttpResponseCodec.decode(W3CHttpResponseCodec.java:133)
	at org.openqa.selenium.remote.codec.w3c.W3CHttpResponseCodec.decode(W3CHttpResponseCodec.java:53)
	at org.openqa.selenium.remote.HttpCommandExecutor.execute(HttpCommandExecutor.java:184)
	at org.openqa.selenium.remote.service.DriverCommandExecutor.invokeExecute(DriverCommandExecutor.java:167)
	at org.openqa.selenium.remote.service.DriverCommandExecutor.execute(DriverCommandExecutor.java:142)
	at org.openqa.selenium.remote.RemoteWebDriver.execute(RemoteWebDriver.java:567)
	at org.openqa.selenium.remote.ElementLocation$ElementFinder$2.findElement(ElementLocation.java:162)
	at org.openqa.selenium.remote.ElementLocation.findElement(ElementLocation.java:60)
	at org.openqa.selenium.remote.RemoteWebDriver.findElement(RemoteWebDriver.java:385)
	at org.openqa.selenium.remote.RemoteWebDriver.findElement(RemoteWebDriver.java:377)
	at utilities.QaRobot.getLocator(QaRobot.java:56)
	at utilities.QaRobot.getWebElement(QaRobot.java:91)
	at utilities.QaRobot.PassValue(QaRobot.java:125)
	at BookingManagement_ProductSearch.ImportPnr.importPnr(ImportPnr.java:91)
	at java.base/jdk.internal.reflect.NativeMethodAccessorImpl.invoke0(Native Method)
	at java.base/jdk.internal.reflect.NativeMethodAccessorImpl.invoke(NativeMethodAccessorImpl.java:77)
	at java.base/jdk.internal.reflect.DelegatingMethodAccessorImpl.invoke(DelegatingMethodAccessorImpl.java:43)
	at java.base/java.lang.reflect.Method.invoke(Method.java:568)
	at org.testng.internal.MethodInvocationHelper.invokeMethod(MethodInvocationHelper.java:133)
	at org.testng.internal.TestInvoker.invokeMethod(TestInvoker.java:598)
	at org.testng.internal.TestInvoker.invokeTestMethod(TestInvoker.java:173)
	at org.testng.internal.MethodRunner.runInSequence(MethodRunner.java:46)
	at org.testng.internal.TestInvoker$MethodInvocationAgent.invoke(TestInvoker.java:824)
	at org.testng.internal.TestInvoker.invokeTestMethods(TestInvoker.java:146)
	at org.testng.internal.TestMethodWorker.invokeTestMethods(TestMethodWorker.java:146)
	at org.testng.internal.TestMethodWorker.run(TestMethodWorker.java:128)
	at java.base/java.util.ArrayList.forEach(ArrayList.java:1511)
	at org.testng.TestRunner.privateRun(TestRunner.java:794)
	at org.testng.TestRunner.run(TestRunner.java:596)
	at org.testng.SuiteRunner.runTest(SuiteRunner.java:377)
	at org.testng.SuiteRunner.runSequentially(SuiteRunner.java:371)
	at org.testng.SuiteRunner.privateRun(SuiteRunner.java:332)
	at org.testng.SuiteRunner.run(SuiteRunner.java:276)
	at org.testng.SuiteRunnerWorker.runSuite(SuiteRunnerWorker.java:53)
	at org.testng.SuiteRunnerWorker.run(SuiteRunnerWorker.java:96)
	at org.testng.TestNG.runSuitesSequentially(TestNG.java:1212)
	at org.testng.TestNG.runSuitesLocally(TestNG.java:1134)
	at org.testng.TestNG.runSuites(TestNG.java:1063)
	at org.testng.TestNG.run(TestNG.java:1031)
	at org.testng.remote.AbstractRemoteTestNG.run(AbstractRemoteTestNG.java:115)
	at org.testng.remote.RemoteTestNG.initAndRun(RemoteTestNG.java:251)
	at org.testng.remote.RemoteTestNG.main(RemoteTestNG.java:77)
</textarea>
          
        </td>
      </tr>
      <tr class="event-row">
        <td><span class="badge log fail-bg">Fail</span></td>
        <td>4:54:22 pm</td>
        <td>
          <b><i>Screenshot for Fail Test</i></b>
        </td>
      </tr>
      <tr class="event-row">
        <td><span class="badge log fail-bg">Fail</span></td>
        <td>4:54:22 pm</td>
        <td>
          <b><i>Fail Test</i></b>
        </td>
      </tr>
      <tr class="event-row">
        <td><span class="badge log fail-bg">Fail</span></td>
        <td>4:54:22 pm</td>
        <td>
          
    <div class="row mb-3"><div class="col-md-3">
<img data-featherlight='C:\Users\Kumar.gaurav\git\V12StagingB2C\Screenshot\27-09-24 & 16-54-22 Fail Test.jpg' src="C:\Users\Kumar.gaurav\git\V12StagingB2C\Screenshot\27-09-24 & 16-54-22 Fail Test.jpg">
    
    </div></div>
        </td>
      </tr>
  </tbody>
</table>
</div>
          </div>
        </li>
        <li class="test-item"  status="fail" test-id="3"
          author=""
          tag=""
          device="">
          <div class="test-detail">
            <p class="name">TC Import Pnr 3 - Positive - Verify the Import Pnr with New PNR</p>
            <p class="text-sm">
              <span>4:54:24 pm</span> / <span>00:00:26:762</span>
              <span class="badge fail-bg log float-right">Fail</span>
            </p>
          </div>
          <div class="test-contents d-none">
<div class="detail-head">
<div class="p-v-10">
<div class="info">
<h5 class="test-status text-fail">TC Import Pnr 3 - Positive - Verify the Import Pnr with New PNR</h5>
<span class='badge badge-success'>09.27.2024 4:54:24 pm</span>
<span class='badge badge-danger'>09.27.2024 4:54:51 pm</span>
<span class='badge badge-default'>00:00:26:762</span>
&middot; <span class='uri-anchor badge badge-default'>#test-id=3</span>
<span class='badge badge-default pointer float-right ml-1 et'><i class="fa fa-chevron-down"></i></span>
<span class='badge badge-default pointer float-right ct'><i class="fa fa-chevron-up"></i></span>
</div>
</div>
</div><div class="detail-body mt-4">
<table class="table table-sm">
  <thead><tr><th class="status-col">Status</th><th class="timestamp-col">Timestamp</th><th class="details-col">Details</th></tr></thead>
  <tbody>
      <tr class="event-row">
        <td><span class="badge log info-bg">Info</span></td>
        <td>4:54:24 pm</td>
        <td>
          
    <div class="row mb-3"><div class="col-md-3">
<img data-featherlight='C:\Users\Kumar.gaurav\git\V12StagingB2C\Screenshot\27-09-24 & 16-54-24 Sigh In Page.jpg' src="C:\Users\Kumar.gaurav\git\V12StagingB2C\Screenshot\27-09-24 & 16-54-24 Sigh In Page.jpg">
    <div class="title">Sigh In Page</div>
    </div></div>
        </td>
      </tr>
      <tr class="event-row">
        <td><span class="badge log info-bg">Info</span></td>
        <td>4:54:44 pm</td>
        <td>
          
    <div class="row mb-3"><div class="col-md-3">
<img data-featherlight='C:\Users\Kumar.gaurav\git\V12StagingB2C\Screenshot\27-09-24 & 16-54-44 Import Pnr for Direct Customer.jpg' src="C:\Users\Kumar.gaurav\git\V12StagingB2C\Screenshot\27-09-24 & 16-54-44 Import Pnr for Direct Customer.jpg">
    <div class="title">Import Pnr for Direct Customer</div>
    </div></div>
        </td>
      </tr>
      <tr class="event-row">
        <td><span class="badge log fail-bg">Fail</span></td>
        <td>4:54:50 pm</td>
        <td>
          <textarea readonly class="code-block">org.openqa.selenium.NoSuchElementException: no such element: Unable to locate element: {"method":"xpath","selector":"//select[@id='ddlTripType']"}
  (Session info: chrome=129.0.6668.71)
For documentation on this error, please visit: https://selenium.dev/exceptions/#no_such_element
Build info: version: '4.1.4', revision: '535d840ee2'
System info: host: 'KUMAR-GAURAV', ip: '192.168.111.98', os.name: 'Windows 10', os.arch: 'amd64', os.version: '10.0', java.version: '17.0.1'
Driver info: org.openqa.selenium.chrome.ChromeDriver
Command: [5a31a621dfff8eb49b70714cfd13e242, findElement {using=xpath, value=//select[@id='ddlTripType']}]
Capabilities {acceptInsecureCerts: false, browserName: chrome, browserVersion: 129.0.6668.71, chrome: {chromedriverVersion: 129.0.6668.70 (df87d5cf12b1..., userDataDir: C:\Users\KUMAR~1.GAU\AppDat...}, fedcm:accounts: true, goog:chromeOptions: {debuggerAddress: localhost:52029}, javascriptEnabled: true, networkConnectionEnabled: false, pageLoadStrategy: normal, platform: WINDOWS, platformName: WINDOWS, proxy: Proxy(), se:cdp: ws://localhost:52029/devtoo..., se:cdpVersion: 129.0.6668.71, setWindowRect: true, strictFileInteractability: false, timeouts: {implicit: 0, pageLoad: 300000, script: 30000}, unhandledPromptBehavior: dismiss and notify, webauthn:extension:credBlob: true, webauthn:extension:largeBlob: true, webauthn:extension:minPinLength: true, webauthn:extension:prf: true, webauthn:virtualAuthenticators: true}
Session ID: 5a31a621dfff8eb49b70714cfd13e242
	at java.base/jdk.internal.reflect.NativeConstructorAccessorImpl.newInstance0(Native Method)
	at java.base/jdk.internal.reflect.NativeConstructorAccessorImpl.newInstance(NativeConstructorAccessorImpl.java:77)
	at java.base/jdk.internal.reflect.DelegatingConstructorAccessorImpl.newInstance(DelegatingConstructorAccessorImpl.java:45)
	at java.base/java.lang.reflect.Constructor.newInstanceWithCaller(Constructor.java:499)
	at java.base/java.lang.reflect.Constructor.newInstance(Constructor.java:480)
	at org.openqa.selenium.remote.codec.w3c.W3CHttpResponseCodec.createException(W3CHttpResponseCodec.java:200)
	at org.openqa.selenium.remote.codec.w3c.W3CHttpResponseCodec.decode(W3CHttpResponseCodec.java:133)
	at org.openqa.selenium.remote.codec.w3c.W3CHttpResponseCodec.decode(W3CHttpResponseCodec.java:53)
	at org.openqa.selenium.remote.HttpCommandExecutor.execute(HttpCommandExecutor.java:184)
	at org.openqa.selenium.remote.service.DriverCommandExecutor.invokeExecute(DriverCommandExecutor.java:167)
	at org.openqa.selenium.remote.service.DriverCommandExecutor.execute(DriverCommandExecutor.java:142)
	at org.openqa.selenium.remote.RemoteWebDriver.execute(RemoteWebDriver.java:567)
	at org.openqa.selenium.remote.ElementLocation$ElementFinder$2.findElement(ElementLocation.java:162)
	at org.openqa.selenium.remote.ElementLocation.findElement(ElementLocation.java:60)
	at org.openqa.selenium.remote.RemoteWebDriver.findElement(RemoteWebDriver.java:385)
	at org.openqa.selenium.remote.RemoteWebDriver.findElement(RemoteWebDriver.java:377)
	at utilities.QaRobot.getLocator(QaRobot.java:56)
	at utilities.QaRobot.getWebElement(QaRobot.java:91)
	at utilities.QaRobot.selectTextFromDropdown(QaRobot.java:402)
	at BookingManagement_ProductSearch.ImportPnr.importPnr(ImportPnr.java:67)
	at java.base/jdk.internal.reflect.NativeMethodAccessorImpl.invoke0(Native Method)
	at java.base/jdk.internal.reflect.NativeMethodAccessorImpl.invoke(NativeMethodAccessorImpl.java:77)
	at java.base/jdk.internal.reflect.DelegatingMethodAccessorImpl.invoke(DelegatingMethodAccessorImpl.java:43)
	at java.base/java.lang.reflect.Method.invoke(Method.java:568)
	at org.testng.internal.MethodInvocationHelper.invokeMethod(MethodInvocationHelper.java:133)
	at org.testng.internal.TestInvoker.invokeMethod(TestInvoker.java:598)
	at org.testng.internal.TestInvoker.invokeTestMethod(TestInvoker.java:173)
	at org.testng.internal.MethodRunner.runInSequence(MethodRunner.java:46)
	at org.testng.internal.TestInvoker$MethodInvocationAgent.invoke(TestInvoker.java:824)
	at org.testng.internal.TestInvoker.invokeTestMethods(TestInvoker.java:146)
	at org.testng.internal.TestMethodWorker.invokeTestMethods(TestMethodWorker.java:146)
	at org.testng.internal.TestMethodWorker.run(TestMethodWorker.java:128)
	at java.base/java.util.ArrayList.forEach(ArrayList.java:1511)
	at org.testng.TestRunner.privateRun(TestRunner.java:794)
	at org.testng.TestRunner.run(TestRunner.java:596)
	at org.testng.SuiteRunner.runTest(SuiteRunner.java:377)
	at org.testng.SuiteRunner.runSequentially(SuiteRunner.java:371)
	at org.testng.SuiteRunner.privateRun(SuiteRunner.java:332)
	at org.testng.SuiteRunner.run(SuiteRunner.java:276)
	at org.testng.SuiteRunnerWorker.runSuite(SuiteRunnerWorker.java:53)
	at org.testng.SuiteRunnerWorker.run(SuiteRunnerWorker.java:96)
	at org.testng.TestNG.runSuitesSequentially(TestNG.java:1212)
	at org.testng.TestNG.runSuitesLocally(TestNG.java:1134)
	at org.testng.TestNG.runSuites(TestNG.java:1063)
	at org.testng.TestNG.run(TestNG.java:1031)
	at org.testng.remote.AbstractRemoteTestNG.run(AbstractRemoteTestNG.java:115)
	at org.testng.remote.RemoteTestNG.initAndRun(RemoteTestNG.java:251)
	at org.testng.remote.RemoteTestNG.main(RemoteTestNG.java:77)
</textarea>
          
        </td>
      </tr>
      <tr class="event-row">
        <td><span class="badge log fail-bg">Fail</span></td>
        <td>4:54:51 pm</td>
        <td>
          <b><i>Screenshot for Fail Test</i></b>
        </td>
      </tr>
      <tr class="event-row">
        <td><span class="badge log fail-bg">Fail</span></td>
        <td>4:54:51 pm</td>
        <td>
          <b><i>Fail Test</i></b>
        </td>
      </tr>
      <tr class="event-row">
        <td><span class="badge log fail-bg">Fail</span></td>
        <td>4:54:51 pm</td>
        <td>
          
    <div class="row mb-3"><div class="col-md-3">
<img data-featherlight='C:\Users\Kumar.gaurav\git\V12StagingB2C\Screenshot\27-09-24 & 16-54-51 Fail Test.jpg' src="C:\Users\Kumar.gaurav\git\V12StagingB2C\Screenshot\27-09-24 & 16-54-51 Fail Test.jpg">
    
    </div></div>
        </td>
      </tr>
  </tbody>
</table>
</div>
          </div>
        </li>
        <li class="test-item"  status="fail" test-id="4"
          author=""
          tag=""
          device="">
          <div class="test-detail">
            <p class="name">TC Import Pnr 4 - Positive - Verify the Import Pnr with Form of Payment selected as cash</p>
            <p class="text-sm">
              <span>4:54:52 pm</span> / <span>00:00:28:186</span>
              <span class="badge fail-bg log float-right">Fail</span>
            </p>
          </div>
          <div class="test-contents d-none">
<div class="detail-head">
<div class="p-v-10">
<div class="info">
<h5 class="test-status text-fail">TC Import Pnr 4 - Positive - Verify the Import Pnr with Form of Payment selected as cash</h5>
<span class='badge badge-success'>09.27.2024 4:54:52 pm</span>
<span class='badge badge-danger'>09.27.2024 4:55:20 pm</span>
<span class='badge badge-default'>00:00:28:186</span>
&middot; <span class='uri-anchor badge badge-default'>#test-id=4</span>
<span class='badge badge-default pointer float-right ml-1 et'><i class="fa fa-chevron-down"></i></span>
<span class='badge badge-default pointer float-right ct'><i class="fa fa-chevron-up"></i></span>
</div>
</div>
</div><div class="detail-body mt-4">
<table class="table table-sm">
  <thead><tr><th class="status-col">Status</th><th class="timestamp-col">Timestamp</th><th class="details-col">Details</th></tr></thead>
  <tbody>
      <tr class="event-row">
        <td><span class="badge log info-bg">Info</span></td>
        <td>4:54:53 pm</td>
        <td>
          
    <div class="row mb-3"><div class="col-md-3">
<img data-featherlight='C:\Users\Kumar.gaurav\git\V12StagingB2C\Screenshot\27-09-24 & 16-54-52 Sigh In Page.jpg' src="C:\Users\Kumar.gaurav\git\V12StagingB2C\Screenshot\27-09-24 & 16-54-52 Sigh In Page.jpg">
    <div class="title">Sigh In Page</div>
    </div></div>
        </td>
      </tr>
      <tr class="event-row">
        <td><span class="badge log info-bg">Info</span></td>
        <td>4:55:12 pm</td>
        <td>
          
    <div class="row mb-3"><div class="col-md-3">
<img data-featherlight='C:\Users\Kumar.gaurav\git\V12StagingB2C\Screenshot\27-09-24 & 16-55-11 Import Pnr for Direct Customer.jpg' src="C:\Users\Kumar.gaurav\git\V12StagingB2C\Screenshot\27-09-24 & 16-55-11 Import Pnr for Direct Customer.jpg">
    <div class="title">Import Pnr for Direct Customer</div>
    </div></div>
        </td>
      </tr>
      <tr class="event-row">
        <td><span class="badge log info-bg">Info</span></td>
        <td>4:55:20 pm</td>
        <td>
          
    <div class="row mb-3"><div class="col-md-3">
<img data-featherlight='C:\Users\Kumar.gaurav\git\V12StagingB2C\Screenshot\27-09-24 & 16-55-20 Pnr Number Already Exist.jpg' src="C:\Users\Kumar.gaurav\git\V12StagingB2C\Screenshot\27-09-24 & 16-55-20 Pnr Number Already Exist.jpg">
    <div class="title">Pnr Number Already Exist</div>
    </div></div>
        </td>
      </tr>
      <tr class="event-row">
        <td><span class="badge log fail-bg">Fail</span></td>
        <td>4:55:20 pm</td>
        <td>
          <textarea readonly class="code-block">org.openqa.selenium.UnhandledAlertException: unexpected alert open: {Alert text : Please select cabin/class }
  (Session info: chrome=129.0.6668.71): Please select cabin/class 
Build info: version: '4.1.4', revision: '535d840ee2'
System info: host: 'KUMAR-GAURAV', ip: '192.168.111.98', os.name: 'Windows 10', os.arch: 'amd64', os.version: '10.0', java.version: '17.0.1'
Driver info: org.openqa.selenium.chrome.ChromeDriver
Command: [214d83300e9fe21354239005a69c1282, findElement {using=xpath, value=//select[@id='ddlTripType']}]
Capabilities {acceptInsecureCerts: false, browserName: chrome, browserVersion: 129.0.6668.71, chrome: {chromedriverVersion: 129.0.6668.70 (df87d5cf12b1..., userDataDir: C:\Users\KUMAR~1.GAU\AppDat...}, fedcm:accounts: true, goog:chromeOptions: {debuggerAddress: localhost:52092}, javascriptEnabled: true, networkConnectionEnabled: false, pageLoadStrategy: normal, platform: WINDOWS, platformName: WINDOWS, proxy: Proxy(), se:cdp: ws://localhost:52092/devtoo..., se:cdpVersion: 129.0.6668.71, setWindowRect: true, strictFileInteractability: false, timeouts: {implicit: 0, pageLoad: 300000, script: 30000}, unhandledPromptBehavior: dismiss and notify, webauthn:extension:credBlob: true, webauthn:extension:largeBlob: true, webauthn:extension:minPinLength: true, webauthn:extension:prf: true, webauthn:virtualAuthenticators: true}
Session ID: 214d83300e9fe21354239005a69c1282
	at org.openqa.selenium.remote.codec.w3c.W3CHttpResponseCodec.decode(W3CHttpResponseCodec.java:131)
	at org.openqa.selenium.remote.codec.w3c.W3CHttpResponseCodec.decode(W3CHttpResponseCodec.java:53)
	at org.openqa.selenium.remote.HttpCommandExecutor.execute(HttpCommandExecutor.java:184)
	at org.openqa.selenium.remote.service.DriverCommandExecutor.invokeExecute(DriverCommandExecutor.java:167)
	at org.openqa.selenium.remote.service.DriverCommandExecutor.execute(DriverCommandExecutor.java:142)
	at org.openqa.selenium.remote.RemoteWebDriver.execute(RemoteWebDriver.java:567)
	at org.openqa.selenium.remote.ElementLocation$ElementFinder$2.findElement(ElementLocation.java:162)
	at org.openqa.selenium.remote.ElementLocation.findElement(ElementLocation.java:60)
	at org.openqa.selenium.remote.RemoteWebDriver.findElement(RemoteWebDriver.java:385)
	at org.openqa.selenium.remote.RemoteWebDriver.findElement(RemoteWebDriver.java:377)
	at utilities.QaRobot.getLocator(QaRobot.java:56)
	at utilities.QaRobot.getWebElement(QaRobot.java:91)
	at utilities.QaRobot.selectTextFromDropdown(QaRobot.java:402)
	at BookingManagement_ProductSearch.ImportPnr.importPnr(ImportPnr.java:67)
	at java.base/jdk.internal.reflect.NativeMethodAccessorImpl.invoke0(Native Method)
	at java.base/jdk.internal.reflect.NativeMethodAccessorImpl.invoke(NativeMethodAccessorImpl.java:77)
	at java.base/jdk.internal.reflect.DelegatingMethodAccessorImpl.invoke(DelegatingMethodAccessorImpl.java:43)
	at java.base/java.lang.reflect.Method.invoke(Method.java:568)
	at org.testng.internal.MethodInvocationHelper.invokeMethod(MethodInvocationHelper.java:133)
	at org.testng.internal.TestInvoker.invokeMethod(TestInvoker.java:598)
	at org.testng.internal.TestInvoker.invokeTestMethod(TestInvoker.java:173)
	at org.testng.internal.MethodRunner.runInSequence(MethodRunner.java:46)
	at org.testng.internal.TestInvoker$MethodInvocationAgent.invoke(TestInvoker.java:824)
	at org.testng.internal.TestInvoker.invokeTestMethods(TestInvoker.java:146)
	at org.testng.internal.TestMethodWorker.invokeTestMethods(TestMethodWorker.java:146)
	at org.testng.internal.TestMethodWorker.run(TestMethodWorker.java:128)
	at java.base/java.util.ArrayList.forEach(ArrayList.java:1511)
	at org.testng.TestRunner.privateRun(TestRunner.java:794)
	at org.testng.TestRunner.run(TestRunner.java:596)
	at org.testng.SuiteRunner.runTest(SuiteRunner.java:377)
	at org.testng.SuiteRunner.runSequentially(SuiteRunner.java:371)
	at org.testng.SuiteRunner.privateRun(SuiteRunner.java:332)
	at org.testng.SuiteRunner.run(SuiteRunner.java:276)
	at org.testng.SuiteRunnerWorker.runSuite(SuiteRunnerWorker.java:53)
	at org.testng.SuiteRunnerWorker.run(SuiteRunnerWorker.java:96)
	at org.testng.TestNG.runSuitesSequentially(TestNG.java:1212)
	at org.testng.TestNG.runSuitesLocally(TestNG.java:1134)
	at org.testng.TestNG.runSuites(TestNG.java:1063)
	at org.testng.TestNG.run(TestNG.java:1031)
	at org.testng.remote.AbstractRemoteTestNG.run(AbstractRemoteTestNG.java:115)
	at org.testng.remote.RemoteTestNG.initAndRun(RemoteTestNG.java:251)
	at org.testng.remote.RemoteTestNG.main(RemoteTestNG.java:77)
</textarea>
          
        </td>
      </tr>
      <tr class="event-row">
        <td><span class="badge log fail-bg">Fail</span></td>
        <td>4:55:20 pm</td>
        <td>
          <b><i>Screenshot for Fail Test</i></b>
        </td>
      </tr>
      <tr class="event-row">
        <td><span class="badge log fail-bg">Fail</span></td>
        <td>4:55:20 pm</td>
        <td>
          <b><i>Fail Test</i></b>
        </td>
      </tr>
      <tr class="event-row">
        <td><span class="badge log fail-bg">Fail</span></td>
        <td>4:55:20 pm</td>
        <td>
          
    <div class="row mb-3"><div class="col-md-3">
<img data-featherlight='C:\Users\Kumar.gaurav\git\V12StagingB2C\Screenshot\27-09-24 & 16-55-20 Fail Test.jpg' src="C:\Users\Kumar.gaurav\git\V12StagingB2C\Screenshot\27-09-24 & 16-55-20 Fail Test.jpg">
    
    </div></div>
        </td>
      </tr>
  </tbody>
</table>
</div>
          </div>
        </li>
        <li class="test-item"  status="fail" test-id="5"
          author=""
          tag=""
          device="">
          <div class="test-detail">
            <p class="name">TC Import Pnr 5 - Positive - Verify the Import Pnr Journey Tyoe One Way</p>
            <p class="text-sm">
              <span>4:55:22 pm</span> / <span>00:01:10:136</span>
              <span class="badge fail-bg log float-right">Fail</span>
            </p>
          </div>
          <div class="test-contents d-none">
<div class="detail-head">
<div class="p-v-10">
<div class="info">
<h5 class="test-status text-fail">TC Import Pnr 5 - Positive - Verify the Import Pnr Journey Tyoe One Way</h5>
<span class='badge badge-success'>09.27.2024 4:55:22 pm</span>
<span class='badge badge-danger'>09.27.2024 4:56:32 pm</span>
<span class='badge badge-default'>00:01:10:136</span>
&middot; <span class='uri-anchor badge badge-default'>#test-id=5</span>
<span class='badge badge-default pointer float-right ml-1 et'><i class="fa fa-chevron-down"></i></span>
<span class='badge badge-default pointer float-right ct'><i class="fa fa-chevron-up"></i></span>
</div>
</div>
</div><div class="detail-body mt-4">
<table class="table table-sm">
  <thead><tr><th class="status-col">Status</th><th class="timestamp-col">Timestamp</th><th class="details-col">Details</th></tr></thead>
  <tbody>
      <tr class="event-row">
        <td><span class="badge log info-bg">Info</span></td>
        <td>4:55:23 pm</td>
        <td>
          
    <div class="row mb-3"><div class="col-md-3">
<img data-featherlight='C:\Users\Kumar.gaurav\git\V12StagingB2C\Screenshot\27-09-24 & 16-55-22 Sigh In Page.jpg' src="C:\Users\Kumar.gaurav\git\V12StagingB2C\Screenshot\27-09-24 & 16-55-22 Sigh In Page.jpg">
    <div class="title">Sigh In Page</div>
    </div></div>
        </td>
      </tr>
      <tr class="event-row">
        <td><span class="badge log info-bg">Info</span></td>
        <td>4:55:42 pm</td>
        <td>
          
    <div class="row mb-3"><div class="col-md-3">
<img data-featherlight='C:\Users\Kumar.gaurav\git\V12StagingB2C\Screenshot\27-09-24 & 16-55-42 Import Pnr for Direct Customer.jpg' src="C:\Users\Kumar.gaurav\git\V12StagingB2C\Screenshot\27-09-24 & 16-55-42 Import Pnr for Direct Customer.jpg">
    <div class="title">Import Pnr for Direct Customer</div>
    </div></div>
        </td>
      </tr>
      <tr class="event-row">
        <td><span class="badge log info-bg">Info</span></td>
        <td>4:55:50 pm</td>
        <td>
          
    <div class="row mb-3"><div class="col-md-3">
<img data-featherlight='C:\Users\Kumar.gaurav\git\V12StagingB2C\Screenshot\27-09-24 & 16-55-50 Pnr Number Already Exist.jpg' src="C:\Users\Kumar.gaurav\git\V12StagingB2C\Screenshot\27-09-24 & 16-55-50 Pnr Number Already Exist.jpg">
    <div class="title">Pnr Number Already Exist</div>
    </div></div>
        </td>
      </tr>
      <tr class="event-row">
        <td><span class="badge log info-bg">Info</span></td>
        <td>4:56:10 pm</td>
        <td>
          
    <div class="row mb-3"><div class="col-md-3">
<img data-featherlight='C:\Users\Kumar.gaurav\git\V12StagingB2C\Screenshot\27-09-24 & 16-56-10 Passenger Details.jpg' src="C:\Users\Kumar.gaurav\git\V12StagingB2C\Screenshot\27-09-24 & 16-56-10 Passenger Details.jpg">
    <div class="title">Passenger Details</div>
    </div></div>
        </td>
      </tr>
      <tr class="event-row">
        <td><span class="badge log info-bg">Info</span></td>
        <td>4:56:20 pm</td>
        <td>
          
    <div class="row mb-3"><div class="col-md-3">
<img data-featherlight='C:\Users\Kumar.gaurav\git\V12StagingB2C\Screenshot\27-09-24 & 16-56-20 Itenary Pricing.jpg' src="C:\Users\Kumar.gaurav\git\V12StagingB2C\Screenshot\27-09-24 & 16-56-20 Itenary Pricing.jpg">
    <div class="title">Itenary Pricing</div>
    </div></div>
        </td>
      </tr>
      <tr class="event-row">
        <td><span class="badge log fail-bg">Fail</span></td>
        <td>4:56:32 pm</td>
        <td>
          <textarea readonly class="code-block">org.openqa.selenium.NoSuchElementException: no such element: Unable to locate element: {"method":"xpath","selector":"//input[@id='ctl00_contentMain_txt_pax_phoneAdt']"}
  (Session info: chrome=129.0.6668.71)
For documentation on this error, please visit: https://selenium.dev/exceptions/#no_such_element
Build info: version: '4.1.4', revision: '535d840ee2'
System info: host: 'KUMAR-GAURAV', ip: '192.168.111.98', os.name: 'Windows 10', os.arch: 'amd64', os.version: '10.0', java.version: '17.0.1'
Driver info: org.openqa.selenium.chrome.ChromeDriver
Command: [71cb83a182952cb5daae3a15e2b4a2ec, findElement {using=xpath, value=//input[@id='ctl00_contentMain_txt_pax_phoneAdt']}]
Capabilities {acceptInsecureCerts: false, browserName: chrome, browserVersion: 129.0.6668.71, chrome: {chromedriverVersion: 129.0.6668.70 (df87d5cf12b1..., userDataDir: C:\Users\KUMAR~1.GAU\AppDat...}, fedcm:accounts: true, goog:chromeOptions: {debuggerAddress: localhost:52147}, javascriptEnabled: true, networkConnectionEnabled: false, pageLoadStrategy: normal, platform: WINDOWS, platformName: WINDOWS, proxy: Proxy(), se:cdp: ws://localhost:52147/devtoo..., se:cdpVersion: 129.0.6668.71, setWindowRect: true, strictFileInteractability: false, timeouts: {implicit: 0, pageLoad: 300000, script: 30000}, unhandledPromptBehavior: dismiss and notify, webauthn:extension:credBlob: true, webauthn:extension:largeBlob: true, webauthn:extension:minPinLength: true, webauthn:extension:prf: true, webauthn:virtualAuthenticators: true}
Session ID: 71cb83a182952cb5daae3a15e2b4a2ec
	at java.base/jdk.internal.reflect.NativeConstructorAccessorImpl.newInstance0(Native Method)
	at java.base/jdk.internal.reflect.NativeConstructorAccessorImpl.newInstance(NativeConstructorAccessorImpl.java:77)
	at java.base/jdk.internal.reflect.DelegatingConstructorAccessorImpl.newInstance(DelegatingConstructorAccessorImpl.java:45)
	at java.base/java.lang.reflect.Constructor.newInstanceWithCaller(Constructor.java:499)
	at java.base/java.lang.reflect.Constructor.newInstance(Constructor.java:480)
	at org.openqa.selenium.remote.codec.w3c.W3CHttpResponseCodec.createException(W3CHttpResponseCodec.java:200)
	at org.openqa.selenium.remote.codec.w3c.W3CHttpResponseCodec.decode(W3CHttpResponseCodec.java:133)
	at org.openqa.selenium.remote.codec.w3c.W3CHttpResponseCodec.decode(W3CHttpResponseCodec.java:53)
	at org.openqa.selenium.remote.HttpCommandExecutor.execute(HttpCommandExecutor.java:184)
	at org.openqa.selenium.remote.service.DriverCommandExecutor.invokeExecute(DriverCommandExecutor.java:167)
	at org.openqa.selenium.remote.service.DriverCommandExecutor.execute(DriverCommandExecutor.java:142)
	at org.openqa.selenium.remote.RemoteWebDriver.execute(RemoteWebDriver.java:567)
	at org.openqa.selenium.remote.ElementLocation$ElementFinder$2.findElement(ElementLocation.java:162)
	at org.openqa.selenium.remote.ElementLocation.findElement(ElementLocation.java:60)
	at org.openqa.selenium.remote.RemoteWebDriver.findElement(RemoteWebDriver.java:385)
	at org.openqa.selenium.remote.RemoteWebDriver.findElement(RemoteWebDriver.java:377)
	at utilities.QaRobot.getLocator(QaRobot.java:56)
	at utilities.QaRobot.getWebElement(QaRobot.java:91)
	at utilities.QaRobot.PassValue(QaRobot.java:125)
	at BookingManagement_ProductSearch.ImportPnr.importPnr(ImportPnr.java:91)
	at java.base/jdk.internal.reflect.NativeMethodAccessorImpl.invoke0(Native Method)
	at java.base/jdk.internal.reflect.NativeMethodAccessorImpl.invoke(NativeMethodAccessorImpl.java:77)
	at java.base/jdk.internal.reflect.DelegatingMethodAccessorImpl.invoke(DelegatingMethodAccessorImpl.java:43)
	at java.base/java.lang.reflect.Method.invoke(Method.java:568)
	at org.testng.internal.MethodInvocationHelper.invokeMethod(MethodInvocationHelper.java:133)
	at org.testng.internal.TestInvoker.invokeMethod(TestInvoker.java:598)
	at org.testng.internal.TestInvoker.invokeTestMethod(TestInvoker.java:173)
	at org.testng.internal.MethodRunner.runInSequence(MethodRunner.java:46)
	at org.testng.internal.TestInvoker$MethodInvocationAgent.invoke(TestInvoker.java:824)
	at org.testng.internal.TestInvoker.invokeTestMethods(TestInvoker.java:146)
	at org.testng.internal.TestMethodWorker.invokeTestMethods(TestMethodWorker.java:146)
	at org.testng.internal.TestMethodWorker.run(TestMethodWorker.java:128)
	at java.base/java.util.ArrayList.forEach(ArrayList.java:1511)
	at org.testng.TestRunner.privateRun(TestRunner.java:794)
	at org.testng.TestRunner.run(TestRunner.java:596)
	at org.testng.SuiteRunner.runTest(SuiteRunner.java:377)
	at org.testng.SuiteRunner.runSequentially(SuiteRunner.java:371)
	at org.testng.SuiteRunner.privateRun(SuiteRunner.java:332)
	at org.testng.SuiteRunner.run(SuiteRunner.java:276)
	at org.testng.SuiteRunnerWorker.runSuite(SuiteRunnerWorker.java:53)
	at org.testng.SuiteRunnerWorker.run(SuiteRunnerWorker.java:96)
	at org.testng.TestNG.runSuitesSequentially(TestNG.java:1212)
	at org.testng.TestNG.runSuitesLocally(TestNG.java:1134)
	at org.testng.TestNG.runSuites(TestNG.java:1063)
	at org.testng.TestNG.run(TestNG.java:1031)
	at org.testng.remote.AbstractRemoteTestNG.run(AbstractRemoteTestNG.java:115)
	at org.testng.remote.RemoteTestNG.initAndRun(RemoteTestNG.java:251)
	at org.testng.remote.RemoteTestNG.main(RemoteTestNG.java:77)
</textarea>
          
        </td>
      </tr>
      <tr class="event-row">
        <td><span class="badge log fail-bg">Fail</span></td>
        <td>4:56:32 pm</td>
        <td>
          <b><i>Screenshot for Fail Test</i></b>
        </td>
      </tr>
      <tr class="event-row">
        <td><span class="badge log fail-bg">Fail</span></td>
        <td>4:56:32 pm</td>
        <td>
          <b><i>Fail Test</i></b>
        </td>
      </tr>
      <tr class="event-row">
        <td><span class="badge log fail-bg">Fail</span></td>
        <td>4:56:32 pm</td>
        <td>
          
    <div class="row mb-3"><div class="col-md-3">
<img data-featherlight='C:\Users\Kumar.gaurav\git\V12StagingB2C\Screenshot\27-09-24 & 16-56-32 Fail Test.jpg' src="C:\Users\Kumar.gaurav\git\V12StagingB2C\Screenshot\27-09-24 & 16-56-32 Fail Test.jpg">
    
    </div></div>
        </td>
      </tr>
  </tbody>
</table>
</div>
          </div>
        </li>
        <li class="test-item"  status="fail" test-id="6"
          author=""
          tag=""
          device="">
          <div class="test-detail">
            <p class="name">TC Import Pnr 6 - Negative - Verify the Import Pnr with Form of Payment Credit Card</p>
            <p class="text-sm">
              <span>4:56:34 pm</span> / <span>00:00:28:754</span>
              <span class="badge fail-bg log float-right">Fail</span>
            </p>
          </div>
          <div class="test-contents d-none">
<div class="detail-head">
<div class="p-v-10">
<div class="info">
<h5 class="test-status text-fail">TC Import Pnr 6 - Negative - Verify the Import Pnr with Form of Payment Credit Card</h5>
<span class='badge badge-success'>09.27.2024 4:56:34 pm</span>
<span class='badge badge-danger'>09.27.2024 4:57:02 pm</span>
<span class='badge badge-default'>00:00:28:754</span>
&middot; <span class='uri-anchor badge badge-default'>#test-id=6</span>
<span class='badge badge-default pointer float-right ml-1 et'><i class="fa fa-chevron-down"></i></span>
<span class='badge badge-default pointer float-right ct'><i class="fa fa-chevron-up"></i></span>
</div>
</div>
</div><div class="detail-body mt-4">
<table class="table table-sm">
  <thead><tr><th class="status-col">Status</th><th class="timestamp-col">Timestamp</th><th class="details-col">Details</th></tr></thead>
  <tbody>
      <tr class="event-row">
        <td><span class="badge log info-bg">Info</span></td>
        <td>4:56:34 pm</td>
        <td>
          
    <div class="row mb-3"><div class="col-md-3">
<img data-featherlight='C:\Users\Kumar.gaurav\git\V12StagingB2C\Screenshot\27-09-24 & 16-56-34 Sigh In Page.jpg' src="C:\Users\Kumar.gaurav\git\V12StagingB2C\Screenshot\27-09-24 & 16-56-34 Sigh In Page.jpg">
    <div class="title">Sigh In Page</div>
    </div></div>
        </td>
      </tr>
      <tr class="event-row">
        <td><span class="badge log info-bg">Info</span></td>
        <td>4:56:53 pm</td>
        <td>
          
    <div class="row mb-3"><div class="col-md-3">
<img data-featherlight='C:\Users\Kumar.gaurav\git\V12StagingB2C\Screenshot\27-09-24 & 16-56-53 Import Pnr for Direct Customer.jpg' src="C:\Users\Kumar.gaurav\git\V12StagingB2C\Screenshot\27-09-24 & 16-56-53 Import Pnr for Direct Customer.jpg">
    <div class="title">Import Pnr for Direct Customer</div>
    </div></div>
        </td>
      </tr>
      <tr class="event-row">
        <td><span class="badge log info-bg">Info</span></td>
        <td>4:57:02 pm</td>
        <td>
          
    <div class="row mb-3"><div class="col-md-3">
<img data-featherlight='C:\Users\Kumar.gaurav\git\V12StagingB2C\Screenshot\27-09-24 & 16-57-02 Pnr Number Already Exist.jpg' src="C:\Users\Kumar.gaurav\git\V12StagingB2C\Screenshot\27-09-24 & 16-57-02 Pnr Number Already Exist.jpg">
    <div class="title">Pnr Number Already Exist</div>
    </div></div>
        </td>
      </tr>
      <tr class="event-row">
        <td><span class="badge log fail-bg">Fail</span></td>
        <td>4:57:02 pm</td>
        <td>
          <textarea readonly class="code-block">org.openqa.selenium.UnhandledAlertException: unexpected alert open: {Alert text : Please select cabin/class }
  (Session info: chrome=129.0.6668.71): Please select cabin/class 
Build info: version: '4.1.4', revision: '535d840ee2'
System info: host: 'KUMAR-GAURAV', ip: '192.168.111.98', os.name: 'Windows 10', os.arch: 'amd64', os.version: '10.0', java.version: '17.0.1'
Driver info: org.openqa.selenium.chrome.ChromeDriver
Command: [e2b5ffbfff2bbaf71f8b745afb954eba, findElement {using=xpath, value=//select[@id='ddlTripType']}]
Capabilities {acceptInsecureCerts: false, browserName: chrome, browserVersion: 129.0.6668.71, chrome: {chromedriverVersion: 129.0.6668.70 (df87d5cf12b1..., userDataDir: C:\Users\KUMAR~1.GAU\AppDat...}, fedcm:accounts: true, goog:chromeOptions: {debuggerAddress: localhost:52251}, javascriptEnabled: true, networkConnectionEnabled: false, pageLoadStrategy: normal, platform: WINDOWS, platformName: WINDOWS, proxy: Proxy(), se:cdp: ws://localhost:52251/devtoo..., se:cdpVersion: 129.0.6668.71, setWindowRect: true, strictFileInteractability: false, timeouts: {implicit: 0, pageLoad: 300000, script: 30000}, unhandledPromptBehavior: dismiss and notify, webauthn:extension:credBlob: true, webauthn:extension:largeBlob: true, webauthn:extension:minPinLength: true, webauthn:extension:prf: true, webauthn:virtualAuthenticators: true}
Session ID: e2b5ffbfff2bbaf71f8b745afb954eba
	at org.openqa.selenium.remote.codec.w3c.W3CHttpResponseCodec.decode(W3CHttpResponseCodec.java:131)
	at org.openqa.selenium.remote.codec.w3c.W3CHttpResponseCodec.decode(W3CHttpResponseCodec.java:53)
	at org.openqa.selenium.remote.HttpCommandExecutor.execute(HttpCommandExecutor.java:184)
	at org.openqa.selenium.remote.service.DriverCommandExecutor.invokeExecute(DriverCommandExecutor.java:167)
	at org.openqa.selenium.remote.service.DriverCommandExecutor.execute(DriverCommandExecutor.java:142)
	at org.openqa.selenium.remote.RemoteWebDriver.execute(RemoteWebDriver.java:567)
	at org.openqa.selenium.remote.ElementLocation$ElementFinder$2.findElement(ElementLocation.java:162)
	at org.openqa.selenium.remote.ElementLocation.findElement(ElementLocation.java:60)
	at org.openqa.selenium.remote.RemoteWebDriver.findElement(RemoteWebDriver.java:385)
	at org.openqa.selenium.remote.RemoteWebDriver.findElement(RemoteWebDriver.java:377)
	at utilities.QaRobot.getLocator(QaRobot.java:56)
	at utilities.QaRobot.getWebElement(QaRobot.java:91)
	at utilities.QaRobot.selectTextFromDropdown(QaRobot.java:402)
	at BookingManagement_ProductSearch.ImportPnr.importPnr(ImportPnr.java:67)
	at java.base/jdk.internal.reflect.NativeMethodAccessorImpl.invoke0(Native Method)
	at java.base/jdk.internal.reflect.NativeMethodAccessorImpl.invoke(NativeMethodAccessorImpl.java:77)
	at java.base/jdk.internal.reflect.DelegatingMethodAccessorImpl.invoke(DelegatingMethodAccessorImpl.java:43)
	at java.base/java.lang.reflect.Method.invoke(Method.java:568)
	at org.testng.internal.MethodInvocationHelper.invokeMethod(MethodInvocationHelper.java:133)
	at org.testng.internal.TestInvoker.invokeMethod(TestInvoker.java:598)
	at org.testng.internal.TestInvoker.invokeTestMethod(TestInvoker.java:173)
	at org.testng.internal.MethodRunner.runInSequence(MethodRunner.java:46)
	at org.testng.internal.TestInvoker$MethodInvocationAgent.invoke(TestInvoker.java:824)
	at org.testng.internal.TestInvoker.invokeTestMethods(TestInvoker.java:146)
	at org.testng.internal.TestMethodWorker.invokeTestMethods(TestMethodWorker.java:146)
	at org.testng.internal.TestMethodWorker.run(TestMethodWorker.java:128)
	at java.base/java.util.ArrayList.forEach(ArrayList.java:1511)
	at org.testng.TestRunner.privateRun(TestRunner.java:794)
	at org.testng.TestRunner.run(TestRunner.java:596)
	at org.testng.SuiteRunner.runTest(SuiteRunner.java:377)
	at org.testng.SuiteRunner.runSequentially(SuiteRunner.java:371)
	at org.testng.SuiteRunner.privateRun(SuiteRunner.java:332)
	at org.testng.SuiteRunner.run(SuiteRunner.java:276)
	at org.testng.SuiteRunnerWorker.runSuite(SuiteRunnerWorker.java:53)
	at org.testng.SuiteRunnerWorker.run(SuiteRunnerWorker.java:96)
	at org.testng.TestNG.runSuitesSequentially(TestNG.java:1212)
	at org.testng.TestNG.runSuitesLocally(TestNG.java:1134)
	at org.testng.TestNG.runSuites(TestNG.java:1063)
	at org.testng.TestNG.run(TestNG.java:1031)
	at org.testng.remote.AbstractRemoteTestNG.run(AbstractRemoteTestNG.java:115)
	at org.testng.remote.RemoteTestNG.initAndRun(RemoteTestNG.java:251)
	at org.testng.remote.RemoteTestNG.main(RemoteTestNG.java:77)
</textarea>
          
        </td>
      </tr>
      <tr class="event-row">
        <td><span class="badge log fail-bg">Fail</span></td>
        <td>4:57:02 pm</td>
        <td>
          <b><i>Screenshot for Fail Test</i></b>
        </td>
      </tr>
      <tr class="event-row">
        <td><span class="badge log fail-bg">Fail</span></td>
        <td>4:57:02 pm</td>
        <td>
          <b><i>Fail Test</i></b>
        </td>
      </tr>
      <tr class="event-row">
        <td><span class="badge log fail-bg">Fail</span></td>
        <td>4:57:02 pm</td>
        <td>
          
    <div class="row mb-3"><div class="col-md-3">
<img data-featherlight='C:\Users\Kumar.gaurav\git\V12StagingB2C\Screenshot\27-09-24 & 16-57-02 Fail Test.jpg' src="C:\Users\Kumar.gaurav\git\V12StagingB2C\Screenshot\27-09-24 & 16-57-02 Fail Test.jpg">
    
    </div></div>
        </td>
      </tr>
  </tbody>
</table>
</div>
          </div>
        </li>
        <li class="test-item"  status="fail" test-id="7"
          author=""
          tag=""
          device="">
          <div class="test-detail">
            <p class="name">TC Import Pnr 7 - Negative - Verify the Import Pnr with Choosen Card Type as Visa</p>
            <p class="text-sm">
              <span>4:57:04 pm</span> / <span>00:01:10:720</span>
              <span class="badge fail-bg log float-right">Fail</span>
            </p>
          </div>
          <div class="test-contents d-none">
<div class="detail-head">
<div class="p-v-10">
<div class="info">
<h5 class="test-status text-fail">TC Import Pnr 7 - Negative - Verify the Import Pnr with Choosen Card Type as Visa</h5>
<span class='badge badge-success'>09.27.2024 4:57:04 pm</span>
<span class='badge badge-danger'>09.27.2024 4:58:14 pm</span>
<span class='badge badge-default'>00:01:10:720</span>
&middot; <span class='uri-anchor badge badge-default'>#test-id=7</span>
<span class='badge badge-default pointer float-right ml-1 et'><i class="fa fa-chevron-down"></i></span>
<span class='badge badge-default pointer float-right ct'><i class="fa fa-chevron-up"></i></span>
</div>
</div>
</div><div class="detail-body mt-4">
<table class="table table-sm">
  <thead><tr><th class="status-col">Status</th><th class="timestamp-col">Timestamp</th><th class="details-col">Details</th></tr></thead>
  <tbody>
      <tr class="event-row">
        <td><span class="badge log info-bg">Info</span></td>
        <td>4:57:04 pm</td>
        <td>
          
    <div class="row mb-3"><div class="col-md-3">
<img data-featherlight='C:\Users\Kumar.gaurav\git\V12StagingB2C\Screenshot\27-09-24 & 16-57-04 Sigh In Page.jpg' src="C:\Users\Kumar.gaurav\git\V12StagingB2C\Screenshot\27-09-24 & 16-57-04 Sigh In Page.jpg">
    <div class="title">Sigh In Page</div>
    </div></div>
        </td>
      </tr>
      <tr class="event-row">
        <td><span class="badge log info-bg">Info</span></td>
        <td>4:57:25 pm</td>
        <td>
          
    <div class="row mb-3"><div class="col-md-3">
<img data-featherlight='C:\Users\Kumar.gaurav\git\V12StagingB2C\Screenshot\27-09-24 & 16-57-24 Import Pnr for Direct Customer.jpg' src="C:\Users\Kumar.gaurav\git\V12StagingB2C\Screenshot\27-09-24 & 16-57-24 Import Pnr for Direct Customer.jpg">
    <div class="title">Import Pnr for Direct Customer</div>
    </div></div>
        </td>
      </tr>
      <tr class="event-row">
        <td><span class="badge log info-bg">Info</span></td>
        <td>4:57:33 pm</td>
        <td>
          
    <div class="row mb-3"><div class="col-md-3">
<img data-featherlight='C:\Users\Kumar.gaurav\git\V12StagingB2C\Screenshot\27-09-24 & 16-57-33 Pnr Number Already Exist.jpg' src="C:\Users\Kumar.gaurav\git\V12StagingB2C\Screenshot\27-09-24 & 16-57-33 Pnr Number Already Exist.jpg">
    <div class="title">Pnr Number Already Exist</div>
    </div></div>
        </td>
      </tr>
      <tr class="event-row">
        <td><span class="badge log info-bg">Info</span></td>
        <td>4:57:52 pm</td>
        <td>
          
    <div class="row mb-3"><div class="col-md-3">
<img data-featherlight='C:\Users\Kumar.gaurav\git\V12StagingB2C\Screenshot\27-09-24 & 16-57-52 Passenger Details.jpg' src="C:\Users\Kumar.gaurav\git\V12StagingB2C\Screenshot\27-09-24 & 16-57-52 Passenger Details.jpg">
    <div class="title">Passenger Details</div>
    </div></div>
        </td>
      </tr>
      <tr class="event-row">
        <td><span class="badge log info-bg">Info</span></td>
        <td>4:58:02 pm</td>
        <td>
          
    <div class="row mb-3"><div class="col-md-3">
<img data-featherlight='C:\Users\Kumar.gaurav\git\V12StagingB2C\Screenshot\27-09-24 & 16-58-02 Itenary Pricing.jpg' src="C:\Users\Kumar.gaurav\git\V12StagingB2C\Screenshot\27-09-24 & 16-58-02 Itenary Pricing.jpg">
    <div class="title">Itenary Pricing</div>
    </div></div>
        </td>
      </tr>
      <tr class="event-row">
        <td><span class="badge log fail-bg">Fail</span></td>
        <td>4:58:14 pm</td>
        <td>
          <textarea readonly class="code-block">org.openqa.selenium.NoSuchElementException: no such element: Unable to locate element: {"method":"xpath","selector":"//input[@id='ctl00_contentMain_txt_pax_phoneAdt']"}
  (Session info: chrome=129.0.6668.71)
For documentation on this error, please visit: https://selenium.dev/exceptions/#no_such_element
Build info: version: '4.1.4', revision: '535d840ee2'
System info: host: 'KUMAR-GAURAV', ip: '192.168.111.98', os.name: 'Windows 10', os.arch: 'amd64', os.version: '10.0', java.version: '17.0.1'
Driver info: org.openqa.selenium.chrome.ChromeDriver
Command: [e9b33ed4cb8cb156ce45857cc35b54dc, findElement {using=xpath, value=//input[@id='ctl00_contentMain_txt_pax_phoneAdt']}]
Capabilities {acceptInsecureCerts: false, browserName: chrome, browserVersion: 129.0.6668.71, chrome: {chromedriverVersion: 129.0.6668.70 (df87d5cf12b1..., userDataDir: C:\Users\KUMAR~1.GAU\AppDat...}, fedcm:accounts: true, goog:chromeOptions: {debuggerAddress: localhost:52312}, javascriptEnabled: true, networkConnectionEnabled: false, pageLoadStrategy: normal, platform: WINDOWS, platformName: WINDOWS, proxy: Proxy(), se:cdp: ws://localhost:52312/devtoo..., se:cdpVersion: 129.0.6668.71, setWindowRect: true, strictFileInteractability: false, timeouts: {implicit: 0, pageLoad: 300000, script: 30000}, unhandledPromptBehavior: dismiss and notify, webauthn:extension:credBlob: true, webauthn:extension:largeBlob: true, webauthn:extension:minPinLength: true, webauthn:extension:prf: true, webauthn:virtualAuthenticators: true}
Session ID: e9b33ed4cb8cb156ce45857cc35b54dc
	at java.base/jdk.internal.reflect.NativeConstructorAccessorImpl.newInstance0(Native Method)
	at java.base/jdk.internal.reflect.NativeConstructorAccessorImpl.newInstance(NativeConstructorAccessorImpl.java:77)
	at java.base/jdk.internal.reflect.DelegatingConstructorAccessorImpl.newInstance(DelegatingConstructorAccessorImpl.java:45)
	at java.base/java.lang.reflect.Constructor.newInstanceWithCaller(Constructor.java:499)
	at java.base/java.lang.reflect.Constructor.newInstance(Constructor.java:480)
	at org.openqa.selenium.remote.codec.w3c.W3CHttpResponseCodec.createException(W3CHttpResponseCodec.java:200)
	at org.openqa.selenium.remote.codec.w3c.W3CHttpResponseCodec.decode(W3CHttpResponseCodec.java:133)
	at org.openqa.selenium.remote.codec.w3c.W3CHttpResponseCodec.decode(W3CHttpResponseCodec.java:53)
	at org.openqa.selenium.remote.HttpCommandExecutor.execute(HttpCommandExecutor.java:184)
	at org.openqa.selenium.remote.service.DriverCommandExecutor.invokeExecute(DriverCommandExecutor.java:167)
	at org.openqa.selenium.remote.service.DriverCommandExecutor.execute(DriverCommandExecutor.java:142)
	at org.openqa.selenium.remote.RemoteWebDriver.execute(RemoteWebDriver.java:567)
	at org.openqa.selenium.remote.ElementLocation$ElementFinder$2.findElement(ElementLocation.java:162)
	at org.openqa.selenium.remote.ElementLocation.findElement(ElementLocation.java:60)
	at org.openqa.selenium.remote.RemoteWebDriver.findElement(RemoteWebDriver.java:385)
	at org.openqa.selenium.remote.RemoteWebDriver.findElement(RemoteWebDriver.java:377)
	at utilities.QaRobot.getLocator(QaRobot.java:56)
	at utilities.QaRobot.getWebElement(QaRobot.java:91)
	at utilities.QaRobot.PassValue(QaRobot.java:125)
	at BookingManagement_ProductSearch.ImportPnr.importPnr(ImportPnr.java:91)
	at java.base/jdk.internal.reflect.NativeMethodAccessorImpl.invoke0(Native Method)
	at java.base/jdk.internal.reflect.NativeMethodAccessorImpl.invoke(NativeMethodAccessorImpl.java:77)
	at java.base/jdk.internal.reflect.DelegatingMethodAccessorImpl.invoke(DelegatingMethodAccessorImpl.java:43)
	at java.base/java.lang.reflect.Method.invoke(Method.java:568)
	at org.testng.internal.MethodInvocationHelper.invokeMethod(MethodInvocationHelper.java:133)
	at org.testng.internal.TestInvoker.invokeMethod(TestInvoker.java:598)
	at org.testng.internal.TestInvoker.invokeTestMethod(TestInvoker.java:173)
	at org.testng.internal.MethodRunner.runInSequence(MethodRunner.java:46)
	at org.testng.internal.TestInvoker$MethodInvocationAgent.invoke(TestInvoker.java:824)
	at org.testng.internal.TestInvoker.invokeTestMethods(TestInvoker.java:146)
	at org.testng.internal.TestMethodWorker.invokeTestMethods(TestMethodWorker.java:146)
	at org.testng.internal.TestMethodWorker.run(TestMethodWorker.java:128)
	at java.base/java.util.ArrayList.forEach(ArrayList.java:1511)
	at org.testng.TestRunner.privateRun(TestRunner.java:794)
	at org.testng.TestRunner.run(TestRunner.java:596)
	at org.testng.SuiteRunner.runTest(SuiteRunner.java:377)
	at org.testng.SuiteRunner.runSequentially(SuiteRunner.java:371)
	at org.testng.SuiteRunner.privateRun(SuiteRunner.java:332)
	at org.testng.SuiteRunner.run(SuiteRunner.java:276)
	at org.testng.SuiteRunnerWorker.runSuite(SuiteRunnerWorker.java:53)
	at org.testng.SuiteRunnerWorker.run(SuiteRunnerWorker.java:96)
	at org.testng.TestNG.runSuitesSequentially(TestNG.java:1212)
	at org.testng.TestNG.runSuitesLocally(TestNG.java:1134)
	at org.testng.TestNG.runSuites(TestNG.java:1063)
	at org.testng.TestNG.run(TestNG.java:1031)
	at org.testng.remote.AbstractRemoteTestNG.run(AbstractRemoteTestNG.java:115)
	at org.testng.remote.RemoteTestNG.initAndRun(RemoteTestNG.java:251)
	at org.testng.remote.RemoteTestNG.main(RemoteTestNG.java:77)
</textarea>
          
        </td>
      </tr>
      <tr class="event-row">
        <td><span class="badge log fail-bg">Fail</span></td>
        <td>4:58:14 pm</td>
        <td>
          <b><i>Screenshot for Fail Test</i></b>
        </td>
      </tr>
      <tr class="event-row">
        <td><span class="badge log fail-bg">Fail</span></td>
        <td>4:58:14 pm</td>
        <td>
          <b><i>Fail Test</i></b>
        </td>
      </tr>
      <tr class="event-row">
        <td><span class="badge log fail-bg">Fail</span></td>
        <td>4:58:14 pm</td>
        <td>
          
    <div class="row mb-3"><div class="col-md-3">
<img data-featherlight='C:\Users\Kumar.gaurav\git\V12StagingB2C\Screenshot\27-09-24 & 16-58-14 Fail Test.jpg' src="C:\Users\Kumar.gaurav\git\V12StagingB2C\Screenshot\27-09-24 & 16-58-14 Fail Test.jpg">
    
    </div></div>
        </td>
      </tr>
  </tbody>
</table>
</div>
          </div>
        </li>
        <li class="test-item"  status="fail" test-id="8"
          author=""
          tag=""
          device="">
          <div class="test-detail">
            <p class="name">TC Import Pnr 8 - Negative - Verify the Import Pnr with backdated Validity Year</p>
            <p class="text-sm">
              <span>4:58:16 pm</span> / <span>00:01:09:308</span>
              <span class="badge fail-bg log float-right">Fail</span>
            </p>
          </div>
          <div class="test-contents d-none">
<div class="detail-head">
<div class="p-v-10">
<div class="info">
<h5 class="test-status text-fail">TC Import Pnr 8 - Negative - Verify the Import Pnr with backdated Validity Year</h5>
<span class='badge badge-success'>09.27.2024 4:58:16 pm</span>
<span class='badge badge-danger'>09.27.2024 4:59:25 pm</span>
<span class='badge badge-default'>00:01:09:308</span>
&middot; <span class='uri-anchor badge badge-default'>#test-id=8</span>
<span class='badge badge-default pointer float-right ml-1 et'><i class="fa fa-chevron-down"></i></span>
<span class='badge badge-default pointer float-right ct'><i class="fa fa-chevron-up"></i></span>
</div>
</div>
</div><div class="detail-body mt-4">
<table class="table table-sm">
  <thead><tr><th class="status-col">Status</th><th class="timestamp-col">Timestamp</th><th class="details-col">Details</th></tr></thead>
  <tbody>
      <tr class="event-row">
        <td><span class="badge log info-bg">Info</span></td>
        <td>4:58:16 pm</td>
        <td>
          
    <div class="row mb-3"><div class="col-md-3">
<img data-featherlight='C:\Users\Kumar.gaurav\git\V12StagingB2C\Screenshot\27-09-24 & 16-58-16 Sigh In Page.jpg' src="C:\Users\Kumar.gaurav\git\V12StagingB2C\Screenshot\27-09-24 & 16-58-16 Sigh In Page.jpg">
    <div class="title">Sigh In Page</div>
    </div></div>
        </td>
      </tr>
      <tr class="event-row">
        <td><span class="badge log info-bg">Info</span></td>
        <td>4:58:35 pm</td>
        <td>
          
    <div class="row mb-3"><div class="col-md-3">
<img data-featherlight='C:\Users\Kumar.gaurav\git\V12StagingB2C\Screenshot\27-09-24 & 16-58-35 Import Pnr for Direct Customer.jpg' src="C:\Users\Kumar.gaurav\git\V12StagingB2C\Screenshot\27-09-24 & 16-58-35 Import Pnr for Direct Customer.jpg">
    <div class="title">Import Pnr for Direct Customer</div>
    </div></div>
        </td>
      </tr>
      <tr class="event-row">
        <td><span class="badge log info-bg">Info</span></td>
        <td>4:58:44 pm</td>
        <td>
          
    <div class="row mb-3"><div class="col-md-3">
<img data-featherlight='C:\Users\Kumar.gaurav\git\V12StagingB2C\Screenshot\27-09-24 & 16-58-44 Pnr Number Already Exist.jpg' src="C:\Users\Kumar.gaurav\git\V12StagingB2C\Screenshot\27-09-24 & 16-58-44 Pnr Number Already Exist.jpg">
    <div class="title">Pnr Number Already Exist</div>
    </div></div>
        </td>
      </tr>
      <tr class="event-row">
        <td><span class="badge log info-bg">Info</span></td>
        <td>4:59:03 pm</td>
        <td>
          
    <div class="row mb-3"><div class="col-md-3">
<img data-featherlight='C:\Users\Kumar.gaurav\git\V12StagingB2C\Screenshot\27-09-24 & 16-59-03 Passenger Details.jpg' src="C:\Users\Kumar.gaurav\git\V12StagingB2C\Screenshot\27-09-24 & 16-59-03 Passenger Details.jpg">
    <div class="title">Passenger Details</div>
    </div></div>
        </td>
      </tr>
      <tr class="event-row">
        <td><span class="badge log info-bg">Info</span></td>
        <td>4:59:13 pm</td>
        <td>
          
    <div class="row mb-3"><div class="col-md-3">
<img data-featherlight='C:\Users\Kumar.gaurav\git\V12StagingB2C\Screenshot\27-09-24 & 16-59-13 Itenary Pricing.jpg' src="C:\Users\Kumar.gaurav\git\V12StagingB2C\Screenshot\27-09-24 & 16-59-13 Itenary Pricing.jpg">
    <div class="title">Itenary Pricing</div>
    </div></div>
        </td>
      </tr>
      <tr class="event-row">
        <td><span class="badge log fail-bg">Fail</span></td>
        <td>4:59:25 pm</td>
        <td>
          <textarea readonly class="code-block">org.openqa.selenium.NoSuchElementException: no such element: Unable to locate element: {"method":"xpath","selector":"//input[@id='ctl00_contentMain_txt_pax_phoneAdt']"}
  (Session info: chrome=129.0.6668.71)
For documentation on this error, please visit: https://selenium.dev/exceptions/#no_such_element
Build info: version: '4.1.4', revision: '535d840ee2'
System info: host: 'KUMAR-GAURAV', ip: '192.168.111.98', os.name: 'Windows 10', os.arch: 'amd64', os.version: '10.0', java.version: '17.0.1'
Driver info: org.openqa.selenium.chrome.ChromeDriver
Command: [b61a4a4d435be5f0fbe00f478dd3233d, findElement {using=xpath, value=//input[@id='ctl00_contentMain_txt_pax_phoneAdt']}]
Capabilities {acceptInsecureCerts: false, browserName: chrome, browserVersion: 129.0.6668.71, chrome: {chromedriverVersion: 129.0.6668.70 (df87d5cf12b1..., userDataDir: C:\Users\KUMAR~1.GAU\AppDat...}, fedcm:accounts: true, goog:chromeOptions: {debuggerAddress: localhost:52402}, javascriptEnabled: true, networkConnectionEnabled: false, pageLoadStrategy: normal, platform: WINDOWS, platformName: WINDOWS, proxy: Proxy(), se:cdp: ws://localhost:52402/devtoo..., se:cdpVersion: 129.0.6668.71, setWindowRect: true, strictFileInteractability: false, timeouts: {implicit: 0, pageLoad: 300000, script: 30000}, unhandledPromptBehavior: dismiss and notify, webauthn:extension:credBlob: true, webauthn:extension:largeBlob: true, webauthn:extension:minPinLength: true, webauthn:extension:prf: true, webauthn:virtualAuthenticators: true}
Session ID: b61a4a4d435be5f0fbe00f478dd3233d
	at java.base/jdk.internal.reflect.NativeConstructorAccessorImpl.newInstance0(Native Method)
	at java.base/jdk.internal.reflect.NativeConstructorAccessorImpl.newInstance(NativeConstructorAccessorImpl.java:77)
	at java.base/jdk.internal.reflect.DelegatingConstructorAccessorImpl.newInstance(DelegatingConstructorAccessorImpl.java:45)
	at java.base/java.lang.reflect.Constructor.newInstanceWithCaller(Constructor.java:499)
	at java.base/java.lang.reflect.Constructor.newInstance(Constructor.java:480)
	at org.openqa.selenium.remote.codec.w3c.W3CHttpResponseCodec.createException(W3CHttpResponseCodec.java:200)
	at org.openqa.selenium.remote.codec.w3c.W3CHttpResponseCodec.decode(W3CHttpResponseCodec.java:133)
	at org.openqa.selenium.remote.codec.w3c.W3CHttpResponseCodec.decode(W3CHttpResponseCodec.java:53)
	at org.openqa.selenium.remote.HttpCommandExecutor.execute(HttpCommandExecutor.java:184)
	at org.openqa.selenium.remote.service.DriverCommandExecutor.invokeExecute(DriverCommandExecutor.java:167)
	at org.openqa.selenium.remote.service.DriverCommandExecutor.execute(DriverCommandExecutor.java:142)
	at org.openqa.selenium.remote.RemoteWebDriver.execute(RemoteWebDriver.java:567)
	at org.openqa.selenium.remote.ElementLocation$ElementFinder$2.findElement(ElementLocation.java:162)
	at org.openqa.selenium.remote.ElementLocation.findElement(ElementLocation.java:60)
	at org.openqa.selenium.remote.RemoteWebDriver.findElement(RemoteWebDriver.java:385)
	at org.openqa.selenium.remote.RemoteWebDriver.findElement(RemoteWebDriver.java:377)
	at utilities.QaRobot.getLocator(QaRobot.java:56)
	at utilities.QaRobot.getWebElement(QaRobot.java:91)
	at utilities.QaRobot.PassValue(QaRobot.java:125)
	at BookingManagement_ProductSearch.ImportPnr.importPnr(ImportPnr.java:91)
	at java.base/jdk.internal.reflect.NativeMethodAccessorImpl.invoke0(Native Method)
	at java.base/jdk.internal.reflect.NativeMethodAccessorImpl.invoke(NativeMethodAccessorImpl.java:77)
	at java.base/jdk.internal.reflect.DelegatingMethodAccessorImpl.invoke(DelegatingMethodAccessorImpl.java:43)
	at java.base/java.lang.reflect.Method.invoke(Method.java:568)
	at org.testng.internal.MethodInvocationHelper.invokeMethod(MethodInvocationHelper.java:133)
	at org.testng.internal.TestInvoker.invokeMethod(TestInvoker.java:598)
	at org.testng.internal.TestInvoker.invokeTestMethod(TestInvoker.java:173)
	at org.testng.internal.MethodRunner.runInSequence(MethodRunner.java:46)
	at org.testng.internal.TestInvoker$MethodInvocationAgent.invoke(TestInvoker.java:824)
	at org.testng.internal.TestInvoker.invokeTestMethods(TestInvoker.java:146)
	at org.testng.internal.TestMethodWorker.invokeTestMethods(TestMethodWorker.java:146)
	at org.testng.internal.TestMethodWorker.run(TestMethodWorker.java:128)
	at java.base/java.util.ArrayList.forEach(ArrayList.java:1511)
	at org.testng.TestRunner.privateRun(TestRunner.java:794)
	at org.testng.TestRunner.run(TestRunner.java:596)
	at org.testng.SuiteRunner.runTest(SuiteRunner.java:377)
	at org.testng.SuiteRunner.runSequentially(SuiteRunner.java:371)
	at org.testng.SuiteRunner.privateRun(SuiteRunner.java:332)
	at org.testng.SuiteRunner.run(SuiteRunner.java:276)
	at org.testng.SuiteRunnerWorker.runSuite(SuiteRunnerWorker.java:53)
	at org.testng.SuiteRunnerWorker.run(SuiteRunnerWorker.java:96)
	at org.testng.TestNG.runSuitesSequentially(TestNG.java:1212)
	at org.testng.TestNG.runSuitesLocally(TestNG.java:1134)
	at org.testng.TestNG.runSuites(TestNG.java:1063)
	at org.testng.TestNG.run(TestNG.java:1031)
	at org.testng.remote.AbstractRemoteTestNG.run(AbstractRemoteTestNG.java:115)
	at org.testng.remote.RemoteTestNG.initAndRun(RemoteTestNG.java:251)
	at org.testng.remote.RemoteTestNG.main(RemoteTestNG.java:77)
</textarea>
          
        </td>
      </tr>
      <tr class="event-row">
        <td><span class="badge log fail-bg">Fail</span></td>
        <td>4:59:25 pm</td>
        <td>
          <b><i>Screenshot for Fail Test</i></b>
        </td>
      </tr>
      <tr class="event-row">
        <td><span class="badge log fail-bg">Fail</span></td>
        <td>4:59:25 pm</td>
        <td>
          <b><i>Fail Test</i></b>
        </td>
      </tr>
      <tr class="event-row">
        <td><span class="badge log fail-bg">Fail</span></td>
        <td>4:59:25 pm</td>
        <td>
          
    <div class="row mb-3"><div class="col-md-3">
<img data-featherlight='C:\Users\Kumar.gaurav\git\V12StagingB2C\Screenshot\27-09-24 & 16-59-25 Fail Test.jpg' src="C:\Users\Kumar.gaurav\git\V12StagingB2C\Screenshot\27-09-24 & 16-59-25 Fail Test.jpg">
    
    </div></div>
        </td>
      </tr>
  </tbody>
</table>
</div>
          </div>
        </li>
      </ul>
    </div>
  </div>
<div class="test-content scrollable">
<div class="test-content-tools">
<ul><li><a class="back-to-test" href="#"><i class="fa fa-arrow-left"></i></a></li></ul>
</div>
<div class="test-content-detail"><div class="detail-body"></div></div>
</div></div>
<div class="test-wrapper row view exception-view attributes-view">
<div class="test-list">
<div class="test-list-tools">
<ul class="tools pull-left"><li><a href=""><span class="font-size-14">Exception</span></a></li></ul>
<ul class="tools text-right"><li><a href="#"><span class="badge badge-primary">2</span></a></li></ul>
</div>
<div class="test-list-wrapper scrollable">
<ul class="test-list-item">
<li class="test-item">
<div class="test-detail">
<span class="meta">
<span class='badge log badge-danger'>2</span>
</span>
<p class="name">org.openqa.selenium.UnhandledAlertException</p>
<p class="duration text-sm">2 tests</p>
</div>
<div class="test-contents d-none">
<div class="info">
<h4>org.openqa.selenium.UnhandledAlertException</h4>
<span status="fail" class='badge log badge-danger'>2 failed</span>
</div>
<table class='table table-sm mt-4'>
<thead>
<tr>
<th class="status-col">Status</th>
<th class="timestamp-col">Timestamp</th>
<th>TestName</th>
</tr>
</thead>
<tbody>
<tr class="tag-test-status" status="fail">
<td><span class="badge log fail-bg">Fail</span></td>
<td>16:54:52 pm</td>
<td>
<a href="#" class="linked" test-id='4' id='4'>TC Import Pnr 4 - Positive - Verify the Import Pnr with Form of Payment selected as cash</a>
</td>
</tr>
<tr class="tag-test-status" status="fail">
<td><span class="badge log fail-bg">Fail</span></td>
<td>16:56:34 pm</td>
<td>
<a href="#" class="linked" test-id='6' id='6'>TC Import Pnr 6 - Negative - Verify the Import Pnr with Form of Payment Credit Card</a>
</td>
</tr>
</tbody>
</table>
</div>
</li>
<li class="test-item">
<div class="test-detail">
<span class="meta">
<span class='badge log badge-danger'>6</span>
</span>
<p class="name">org.openqa.selenium.NoSuchElementException</p>
<p class="duration text-sm">6 tests</p>
</div>
<div class="test-contents d-none">
<div class="info">
<h4>org.openqa.selenium.NoSuchElementException</h4>
<span status="fail" class='badge log badge-danger'>6 failed</span>
</div>
<table class='table table-sm mt-4'>
<thead>
<tr>
<th class="status-col">Status</th>
<th class="timestamp-col">Timestamp</th>
<th>TestName</th>
</tr>
</thead>
<tbody>
<tr class="tag-test-status" status="fail">
<td><span class="badge log fail-bg">Fail</span></td>
<td>16:52:02 pm</td>
<td>
<a href="#" class="linked" test-id='1' id='1'>TC Import Pnr 1 - Positive - Verify the Import Pnr with Selected GDS</a>
</td>
</tr>
<tr class="tag-test-status" status="fail">
<td><span class="badge log fail-bg">Fail</span></td>
<td>16:53:13 pm</td>
<td>
<a href="#" class="linked" test-id='2' id='2'>TC Import Pnr 2 - Positive - Verify the Import Pnr with Existing PNR</a>
</td>
</tr>
<tr class="tag-test-status" status="fail">
<td><span class="badge log fail-bg">Fail</span></td>
<td>16:54:24 pm</td>
<td>
<a href="#" class="linked" test-id='3' id='3'>TC Import Pnr 3 - Positive - Verify the Import Pnr with New PNR</a>
</td>
</tr>
<tr class="tag-test-status" status="fail">
<td><span class="badge log fail-bg">Fail</span></td>
<td>16:55:22 pm</td>
<td>
<a href="#" class="linked" test-id='5' id='5'>TC Import Pnr 5 - Positive - Verify the Import Pnr Journey Tyoe One Way</a>
</td>
</tr>
<tr class="tag-test-status" status="fail">
<td><span class="badge log fail-bg">Fail</span></td>
<td>16:57:04 pm</td>
<td>
<a href="#" class="linked" test-id='7' id='7'>TC Import Pnr 7 - Negative - Verify the Import Pnr with Choosen Card Type as Visa</a>
</td>
</tr>
<tr class="tag-test-status" status="fail">
<td><span class="badge log fail-bg">Fail</span></td>
<td>16:58:16 pm</td>
<td>
<a href="#" class="linked" test-id='8' id='8'>TC Import Pnr 8 - Negative - Verify the Import Pnr with backdated Validity Year</a>
</td>
</tr>
</tbody>
</table>
</div>
</li>
</ul>
</div>
</div>
<div class="test-content scrollable">
<div class="test-content-detail">
<div class="detail-body"></div>
</div>
</div>
</div><div class="container-fluid p-4 view dashboard-view">
<div class="row">
<div class="col-md-3">
<div class="card"><div class="card-body">
<p class="m-b-0">Started</p>
<h3>Sep 27, 2024 04:51:59 pm</h3>
</div></div>
</div>
<div class="col-md-3">
<div class="card"><div class="card-body">
<p class="m-b-0">Ended</p>
<h3>Sep 27, 2024 04:59:25 pm</h3>
</div></div>
</div>
<div class="col-md-3">
<div class="card"><div class="card-body">
<p class="m-b-0 text-pass">Tests Passed</p>
<h3>0</h3>
</div></div>
</div>
<div class="col-md-3">
<div class="card"><div class="card-body">
<p class="m-b-0 text-fail">Tests Failed</p>
<h3>8</h3>
</div></div>
</div>
</div>
<div class="row">
<div class="col-md-6">
<div class="card">
<div class="card-header">
<h6 class="card-title">Tests</h6>
</div>
<div class="card-body">
<div class="">
<canvas id='parent-analysis' width='115' height='90'></canvas>
</div>
</div>
<div class="card-footer">
<div><small data-tooltip='0%'>
<b>0</b> tests passed
</small>
</div>
<div>
<small data-tooltip='100%'><b>8</b> tests failed,
<b>0</b> skipped, <b data-tooltip='0%'>0</b> others
</small>
</div>
</div>
</div>
</div>
<div class="col-md-6">
<div class="card">
<div class="card-header">
<h6 class="card-title">Log events</h6>
</div>
<div class="card-body">
<div class="">
<canvas id='events-analysis' width='115' height='90'></canvas>
</div>
</div>
<div class="card-footer">
<div><small data-tooltip='0%'><b>0</b> events passed</small></div>
<div>
<small data-tooltip='49%'><b>32</b> events failed,
<b data-tooltip='%'>33</b> others
</small>
</div>
</div>
</div>
</div>
</div>
<div class="row"><div class="col-md-12">
<div class="card"><div class="card-header"><p>Timeline</p></div>
<div class="card-body pt-0"><div>
<canvas id="timeline" height="120"></canvas>
</div></div>
</div>
</div></div>
<script>
var timeline = {
"TC Import Pnr 1 - Positive - Verify the Import Pnr with Selected GDS":69.591,"TC Import Pnr 2 - Positive - Verify the Import Pnr with Existing PNR":69.133,"TC Import Pnr 3 - Positive - Verify the Import Pnr with New PNR":26.762,"TC Import Pnr 4 - Positive - Verify the Import Pnr with Form of Payment selected as cash":28.186,"TC Import Pnr 5 - Positive - Verify the Import Pnr Journey Tyoe One Way":70.136,"TC Import Pnr 6 - Negative - Verify the Import Pnr with Form of Payment Credit Card":28.754,"TC Import Pnr 7 - Negative - Verify the Import Pnr with Choosen Card Type as Visa":70.72,"TC Import Pnr 8 - Negative - Verify the Import Pnr with backdated Validity Year":69.308
};
</script>
<div class="row">
</div>
</div>
<script>
var statusGroup = {
parentCount: 5,
passParent: 0,
failParent: 8,
warningParent: 0,
skipParent: 0,
childCount: 5,
passChild: 0,
failChild: 0,
warningChild: 0,
skipChild: 0,
infoChild: 0,
grandChildCount: 5,
passGrandChild: 0,
failGrandChild: 0,
warningGrandChild: 0,
skipGrandChild: 0,
infoGrandChild: 0,
eventsCount: 5,
passEvents: 0,
failEvents: 32,
warningEvents: 0,
skipEvents: 0,
infoEvents: 33
};
</script>        </div>
      </div>
    </div>
  </div>
<script src="https://cdn.jsdelivr.net/gh/extent-framework/extent-github-cdn@d6562a79075e061305ccfdb82f01e5e195e2d307/spark/js/spark-script.js"></script>
<script type="text/javascript"></script></body>
</html>